<?xml version="1.0" encoding="utf-8"?>
<CoverageSession xmlns:xsd="http://www.w3.org/2001/XMLSchema" xmlns:xsi="http://www.w3.org/2001/XMLSchema-instance" Version="4.7.922.0">
  <Summary numSequencePoints="11" visitedSequencePoints="9" numBranchPoints="3" visitedBranchPoints="2" sequenceCoverage="81.82" branchCoverage="66.67" maxCyclomaticComplexity="1" minCyclomaticComplexity="1" maxCrapScore="2" minCrapScore="1" visitedClasses="1" numClasses="2" visitedMethods="2" numMethods="3" />
  <Modules>
    <Module skippedDueTo="Filter" hash="1E-50-59-CB-7E-42-BB-E7-C7-C2-F7-3A-23-94-67-72-09-56-B0-91">
      <ModulePath>c:\Program Files\dotnet\shared\Microsoft.NETCore.App\3.0.0\System.Private.CoreLib.dll</ModulePath>
      <ModuleTime>2019-09-12T17:35:06Z</ModuleTime>
      <ModuleName>System.Private.CoreLib</ModuleName>
      <Classes />
    </Module>
    <Module skippedDueTo="Filter" hash="ED-B1-3C-3A-AC-20-BE-78-55-3A-53-50-74-69-96-AC-85-7D-82-15">
      <ModulePath>c:\Program Files\dotnet\sdk\3.0.100\dotnet.dll</ModulePath>
      <ModuleTime>2019-09-18T02:43:34Z</ModuleTime>
      <ModuleName>dotnet</ModuleName>
      <Classes />
    </Module>
    <Module skippedDueTo="Filter" hash="E8-63-7E-C0-ED-10-09-3B-34-3F-C8-46-46-40-E3-BE-56-5F-D8-64">
      <ModulePath>c:\Program Files\dotnet\shared\Microsoft.NETCore.App\3.0.0\System.Runtime.dll</ModulePath>
      <ModuleTime>2019-09-13T09:38:52Z</ModuleTime>
      <ModuleName>System.Runtime</ModuleName>
      <Classes />
    </Module>
    <Module skippedDueTo="Filter" hash="EA-68-65-33-7F-E1-90-A5-12-C5-72-AD-59-96-0E-22-D5-C8-CF-90">
      <ModulePath>c:\Program Files\dotnet\sdk\3.0.100\Microsoft.DotNet.Cli.Utils.dll</ModulePath>
      <ModuleTime>2019-09-18T02:43:34Z</ModuleTime>
      <ModuleName>Microsoft.DotNet.Cli.Utils</ModuleName>
      <Classes />
    </Module>
    <Module skippedDueTo="Filter" hash="B3-34-CA-2B-39-F4-74-72-CC-34-4F-AC-8E-24-81-06-B0-52-9A-2B">
      <ModulePath>c:\Program Files\dotnet\shared\Microsoft.NETCore.App\3.0.0\System.Runtime.Extensions.dll</ModulePath>
      <ModuleTime>2019-09-13T09:38:56Z</ModuleTime>
      <ModuleName>System.Runtime.Extensions</ModuleName>
      <Classes />
    </Module>
    <Module skippedDueTo="Filter" hash="A1-6B-ED-9F-A3-46-78-D4-5B-DF-0A-11-7F-F3-C5-97-1E-49-58-16">
      <ModulePath>c:\Program Files\dotnet\shared\Microsoft.NETCore.App\3.0.0\System.Runtime.Loader.dll</ModulePath>
      <ModuleTime>2019-09-13T09:38:56Z</ModuleTime>
      <ModuleName>System.Runtime.Loader</ModuleName>
      <Classes />
    </Module>
    <Module skippedDueTo="Filter" hash="3F-12-95-69-CE-16-B5-4B-E8-2C-EA-21-CC-1F-D4-6F-8F-8E-23-96">
      <ModulePath>c:\Program Files\dotnet\sdk\3.0.100\Microsoft.DotNet.PlatformAbstractions.dll</ModulePath>
      <ModuleTime>2019-09-18T02:43:44Z</ModuleTime>
      <ModuleName>Microsoft.DotNet.PlatformAbstractions</ModuleName>
      <Classes />
    </Module>
    <Module skippedDueTo="Filter" hash="C8-A7-11-DF-64-73-4F-55-1F-76-CD-D1-F7-DB-23-00-F4-0A-21-44">
      <ModulePath>c:\Program Files\dotnet\shared\Microsoft.NETCore.App\3.0.0\netstandard.dll</ModulePath>
      <ModuleTime>2019-09-13T09:38:48Z</ModuleTime>
      <ModuleName>netstandard</ModuleName>
      <Classes />
    </Module>
    <Module skippedDueTo="Filter" hash="3D-1C-48-53-AC-33-D6-0A-6C-63-0E-BE-B3-B4-61-0C-47-D0-F4-99">
      <ModulePath>c:\Program Files\dotnet\shared\Microsoft.NETCore.App\3.0.0\System.Runtime.InteropServices.RuntimeInformation.dll</ModulePath>
      <ModuleTime>2019-09-13T09:38:54Z</ModuleTime>
      <ModuleName>System.Runtime.InteropServices.RuntimeInformation</ModuleName>
      <Classes />
    </Module>
    <Module skippedDueTo="Filter" hash="B4-74-FB-94-9C-4A-9F-B5-B4-12-8F-5B-FA-1C-51-F1-8A-1B-38-BF">
      <ModulePath>c:\Program Files\dotnet\shared\Microsoft.NETCore.App\3.0.0\System.IO.FileSystem.dll</ModulePath>
      <ModuleTime>2019-09-13T09:38:52Z</ModuleTime>
      <ModuleName>System.IO.FileSystem</ModuleName>
      <Classes />
    </Module>
    <Module skippedDueTo="Filter" hash="BA-7B-5C-E2-62-EA-0A-F2-61-10-E2-9E-C1-36-85-12-93-E7-2B-8E">
      <ModulePath>c:\Program Files\dotnet\shared\Microsoft.NETCore.App\3.0.0\System.Runtime.InteropServices.dll</ModulePath>
      <ModuleTime>2019-09-13T09:38:52Z</ModuleTime>
      <ModuleName>System.Runtime.InteropServices</ModuleName>
      <Classes />
    </Module>
    <Module skippedDueTo="Filter" hash="AF-E6-7B-01-02-B0-CA-AC-23-69-EF-E2-85-E2-A7-70-2B-E1-A9-14">
      <ModulePath>c:\Program Files\dotnet\shared\Microsoft.NETCore.App\3.0.0\System.Threading.dll</ModulePath>
      <ModuleTime>2019-09-13T09:38:58Z</ModuleTime>
      <ModuleName>System.Threading</ModuleName>
      <Classes />
    </Module>
    <Module skippedDueTo="Filter" hash="95-FF-6D-AC-D4-0B-D8-B8-DA-AD-E3-4E-88-1F-4F-EA-2F-25-93-E1">
      <ModulePath>c:\Program Files\dotnet\shared\Microsoft.NETCore.App\3.0.0\System.Text.Encoding.CodePages.dll</ModulePath>
      <ModuleTime>2019-09-13T09:38:54Z</ModuleTime>
      <ModuleName>System.Text.Encoding.CodePages</ModuleName>
      <Classes />
    </Module>
    <Module skippedDueTo="Filter" hash="40-AA-30-B8-EF-40-FF-6F-82-15-0E-3D-1C-C5-24-B7-C8-AA-18-90">
      <ModulePath>c:\Program Files\dotnet\shared\Microsoft.NETCore.App\3.0.0\System.Collections.dll</ModulePath>
      <ModuleTime>2019-09-13T09:38:46Z</ModuleTime>
      <ModuleName>System.Collections</ModuleName>
      <Classes />
    </Module>
    <Module skippedDueTo="Filter" hash="40-DD-05-DC-32-C6-D4-F0-5C-A6-42-3F-46-12-83-2A-7A-20-58-AE">
      <ModulePath>c:\Program Files\dotnet\shared\Microsoft.NETCore.App\3.0.0\System.Collections.Concurrent.dll</ModulePath>
      <ModuleTime>2019-09-13T09:38:48Z</ModuleTime>
      <ModuleName>System.Collections.Concurrent</ModuleName>
      <Classes />
    </Module>
    <Module skippedDueTo="Filter" hash="E3-94-86-4C-08-E8-45-2B-B4-E4-A8-98-AD-86-09-48-EB-0D-55-70">
      <ModulePath>c:\Program Files\dotnet\shared\Microsoft.NETCore.App\3.0.0\System.Threading.Thread.dll</ModulePath>
      <ModuleTime>2019-09-13T09:38:46Z</ModuleTime>
      <ModuleName>System.Threading.Thread</ModuleName>
      <Classes />
    </Module>
    <Module skippedDueTo="Filter" hash="90-7B-50-44-1B-DB-3A-B1-02-E7-91-88-D7-88-62-99-50-6A-2E-02">
      <ModulePath>c:\Program Files\dotnet\sdk\3.0.100\Microsoft.DotNet.Configurer.dll</ModulePath>
      <ModuleTime>2019-09-18T02:43:38Z</ModuleTime>
      <ModuleName>Microsoft.DotNet.Configurer</ModuleName>
      <Classes />
    </Module>
    <Module skippedDueTo="Filter" hash="0B-E8-81-D1-F2-33-36-47-C7-59-F4-5D-E2-D5-15-26-72-03-90-8E">
      <ModulePath>c:\Program Files\dotnet\sdk\3.0.100\Microsoft.DotNet.Cli.CommandLine.dll</ModulePath>
      <ModuleTime>2019-09-18T02:43:40Z</ModuleTime>
      <ModuleName>Microsoft.DotNet.Cli.CommandLine</ModuleName>
      <Classes />
    </Module>
    <Module skippedDueTo="Filter" hash="9A-37-A0-DF-9D-FC-A5-C2-E9-F6-5E-7E-A8-B5-A1-E7-99-18-9A-35">
      <ModulePath>c:\Program Files\dotnet\shared\Microsoft.NETCore.App\3.0.0\System.Diagnostics.Process.dll</ModulePath>
      <ModuleTime>2019-09-13T09:38:50Z</ModuleTime>
      <ModuleName>System.Diagnostics.Process</ModuleName>
      <Classes />
    </Module>
    <Module skippedDueTo="Filter" hash="9F-AB-F7-A7-4C-A9-95-F8-16-BF-96-E6-7E-41-DF-EF-F1-71-AE-C9">
      <ModulePath>c:\Program Files\dotnet\sdk\3.0.100\Microsoft.DotNet.InternalAbstractions.dll</ModulePath>
      <ModuleTime>2019-09-18T02:43:40Z</ModuleTime>
      <ModuleName>Microsoft.DotNet.InternalAbstractions</ModuleName>
      <Classes />
    </Module>
    <Module skippedDueTo="Filter" hash="CA-D6-18-24-89-5E-4A-82-1B-D3-0E-1A-68-B7-50-F2-79-EA-29-2B">
      <ModulePath>c:\Program Files\dotnet\shared\Microsoft.NETCore.App\3.0.0\System.Linq.dll</ModulePath>
      <ModuleTime>2019-09-13T09:38:54Z</ModuleTime>
      <ModuleName>System.Linq</ModuleName>
      <Classes />
    </Module>
    <Module skippedDueTo="Filter" hash="68-39-C7-B0-C2-E2-02-A0-BD-4A-B1-92-43-91-9A-F7-4F-C3-F9-81">
      <ModulePath>c:\Program Files\dotnet\sdk\3.0.100\NuGet.Frameworks.dll</ModulePath>
      <ModuleTime>2019-09-18T02:43:46Z</ModuleTime>
      <ModuleName>NuGet.Frameworks</ModuleName>
      <Classes />
    </Module>
    <Module skippedDueTo="Filter" hash="36-0B-1C-49-EB-C1-89-08-AC-4B-28-61-BC-51-24-3C-5E-88-66-C2">
      <ModulePath>c:\Program Files\dotnet\shared\Microsoft.NETCore.App\3.0.0\System.Console.dll</ModulePath>
      <ModuleTime>2019-09-13T09:38:50Z</ModuleTime>
      <ModuleName>System.Console</ModuleName>
      <Classes />
    </Module>
    <Module skippedDueTo="Filter" hash="DD-4B-1C-39-C2-71-7A-6A-EB-F8-06-10-83-5A-8D-F5-76-A1-74-EE">
      <ModulePath>c:\Program Files\dotnet\shared\Microsoft.NETCore.App\3.0.0\System.Text.Encoding.Extensions.dll</ModulePath>
      <ModuleTime>2019-09-13T09:38:56Z</ModuleTime>
      <ModuleName>System.Text.Encoding.Extensions</ModuleName>
      <Classes />
    </Module>
    <Module skippedDueTo="Filter" hash="DA-38-ED-F1-95-29-82-D7-42-FD-37-C2-20-F6-D5-7C-61-0C-BF-C2">
      <ModulePath>c:\Program Files\dotnet\shared\Microsoft.NETCore.App\3.0.0\System.Runtime.CompilerServices.Unsafe.dll</ModulePath>
      <ModuleTime>2019-09-13T09:38:52Z</ModuleTime>
      <ModuleName>System.Runtime.CompilerServices.Unsafe</ModuleName>
      <Classes />
    </Module>
    <Module skippedDueTo="Filter" hash="94-14-03-F1-37-73-63-17-D3-F8-F4-74-97-49-D0-A1-13-D5-06-89">
      <ModulePath>c:\Program Files\dotnet\shared\Microsoft.NETCore.App\3.0.0\System.Memory.dll</ModulePath>
      <ModuleTime>2019-09-13T09:38:56Z</ModuleTime>
      <ModuleName>System.Memory</ModuleName>
      <Classes />
    </Module>
    <Module skippedDueTo="Filter" hash="6B-BE-10-CF-02-90-BC-66-FA-2D-07-13-07-A6-2B-39-2A-39-D0-9B">
      <ModulePath>c:\Program Files\dotnet\sdk\3.0.100\Microsoft.ApplicationInsights.dll</ModulePath>
      <ModuleTime>2019-09-18T02:43:36Z</ModuleTime>
      <ModuleName>Microsoft.ApplicationInsights</ModuleName>
      <Classes />
    </Module>
    <Module skippedDueTo="Filter" hash="BB-21-29-CE-C1-DE-99-AC-1B-83-08-87-CB-FC-FD-E1-6A-71-62-56">
      <ModulePath>c:\Program Files\dotnet\shared\Microsoft.NETCore.App\3.0.0\System.Security.Cryptography.Algorithms.dll</ModulePath>
      <ModuleTime>2019-09-13T09:38:52Z</ModuleTime>
      <ModuleName>System.Security.Cryptography.Algorithms</ModuleName>
      <Classes />
    </Module>
    <Module skippedDueTo="Filter" hash="9A-3F-13-63-C8-C8-E9-25-E9-A8-7C-4F-02-C7-3F-CD-BF-CB-6E-AD">
      <ModulePath>c:\Program Files\dotnet\shared\Microsoft.NETCore.App\3.0.0\System.Buffers.dll</ModulePath>
      <ModuleTime>2019-09-13T09:38:48Z</ModuleTime>
      <ModuleName>System.Buffers</ModuleName>
      <Classes />
    </Module>
    <Module skippedDueTo="Filter" hash="D8-97-6F-49-FB-A9-EA-18-73-DE-CF-B4-6D-FE-D4-06-62-10-0F-98">
      <ModulePath>c:\Program Files\dotnet\shared\Microsoft.NETCore.App\3.0.0\System.Security.Cryptography.Primitives.dll</ModulePath>
      <ModuleTime>2019-09-13T09:38:54Z</ModuleTime>
      <ModuleName>System.Security.Cryptography.Primitives</ModuleName>
      <Classes />
    </Module>
    <Module skippedDueTo="Filter" hash="A8-E5-A4-B3-25-3A-51-9D-CA-61-D4-47-79-0E-2B-83-0E-7F-5E-8B">
      <ModulePath>c:\Program Files\dotnet\shared\Microsoft.NETCore.App\3.0.0\System.Private.Uri.dll</ModulePath>
      <ModuleTime>2019-09-13T09:38:46Z</ModuleTime>
      <ModuleName>System.Private.Uri</ModuleName>
      <Classes />
    </Module>
    <Module skippedDueTo="Filter" hash="06-0F-10-E7-E8-8B-50-C7-A4-42-10-8C-39-D0-65-33-3A-63-6A-F9">
      <ModulePath>c:\Program Files\dotnet\sdk\3.0.100\Microsoft.TemplateEngine.Cli.dll</ModulePath>
      <ModuleTime>2019-09-18T02:43:44Z</ModuleTime>
      <ModuleName>Microsoft.TemplateEngine.Cli</ModuleName>
      <Classes />
    </Module>
    <Module skippedDueTo="Filter" hash="FE-CE-91-AE-C1-38-E6-B8-40-24-CF-CA-F2-1F-DC-35-E9-E7-7A-B0">
      <ModulePath>c:\Program Files\dotnet\shared\Microsoft.NETCore.App\3.0.0\System.Resources.ResourceManager.dll</ModulePath>
      <ModuleTime>2019-09-13T09:38:46Z</ModuleTime>
      <ModuleName>System.Resources.ResourceManager</ModuleName>
      <Classes />
    </Module>
    <Module skippedDueTo="Filter" hash="A6-4C-2C-FE-9C-5F-FA-EF-7F-3C-A4-1E-85-CF-B6-85-2F-B9-B7-E3">
      <ModulePath>c:\Program Files\dotnet\shared\Microsoft.NETCore.App\3.0.0\System.Reflection.Extensions.dll</ModulePath>
      <ModuleTime>2019-09-13T09:38:50Z</ModuleTime>
      <ModuleName>System.Reflection.Extensions</ModuleName>
      <Classes />
    </Module>
    <Module skippedDueTo="Filter" hash="E2-66-F9-3A-F6-AF-E5-6F-4D-92-B9-54-23-AB-33-D5-1F-B6-BE-A4">
      <ModulePath>c:\Program Files\dotnet\shared\Microsoft.NETCore.App\3.0.0\System.Reflection.dll</ModulePath>
      <ModuleTime>2019-09-13T09:38:50Z</ModuleTime>
      <ModuleName>System.Reflection</ModuleName>
      <Classes />
    </Module>
    <Module skippedDueTo="Filter" hash="43-B8-08-16-7C-1F-05-64-F5-A6-6F-20-1C-4A-1D-E3-5D-02-B9-56">
      <ModulePath>c:\Program Files\dotnet\shared\Microsoft.NETCore.App\3.0.0\System.Xml.XDocument.dll</ModulePath>
      <ModuleTime>2019-09-13T09:38:46Z</ModuleTime>
      <ModuleName>System.Xml.XDocument</ModuleName>
      <Classes />
    </Module>
    <Module skippedDueTo="Filter" hash="E3-5C-E5-90-30-2C-B5-87-B5-83-B9-9E-8F-80-02-8B-B4-C0-73-A9">
      <ModulePath>c:\Program Files\dotnet\shared\Microsoft.NETCore.App\3.0.0\System.Private.Xml.Linq.dll</ModulePath>
      <ModuleTime>2019-09-13T09:38:50Z</ModuleTime>
      <ModuleName>System.Private.Xml.Linq</ModuleName>
      <Classes />
    </Module>
    <Module skippedDueTo="Filter" hash="52-38-E6-CB-03-F4-99-63-64-20-03-AD-85-87-4A-69-39-10-E9-9B">
      <ModulePath>c:\Program Files\dotnet\shared\Microsoft.NETCore.App\3.0.0\System.Private.Xml.dll</ModulePath>
      <ModuleTime>2019-09-13T09:38:50Z</ModuleTime>
      <ModuleName>System.Private.Xml</ModuleName>
      <Classes />
    </Module>
    <Module skippedDueTo="Filter" hash="40-F4-26-B6-FB-2D-77-A3-7F-DB-5C-F9-01-91-A8-F6-B5-E9-67-E7">
      <ModulePath>c:\Program Files\dotnet\shared\Microsoft.NETCore.App\3.0.0\System.Text.RegularExpressions.dll</ModulePath>
      <ModuleTime>2019-09-13T09:38:58Z</ModuleTime>
      <ModuleName>System.Text.RegularExpressions</ModuleName>
      <Classes />
    </Module>
    <Module skippedDueTo="Filter" hash="45-A3-13-7F-A1-32-51-53-F3-C2-99-A1-8E-7B-B9-68-D7-13-E1-B8">
      <ModulePath>c:\Program Files\dotnet\shared\Microsoft.NETCore.App\3.0.0\System.Xml.ReaderWriter.dll</ModulePath>
      <ModuleTime>2019-09-13T09:38:48Z</ModuleTime>
      <ModuleName>System.Xml.ReaderWriter</ModuleName>
      <Classes />
    </Module>
    <Module skippedDueTo="Filter" hash="4C-DC-2C-84-3C-14-D6-AC-1E-91-43-36-F0-1E-24-83-A9-BE-F6-D3">
      <ModulePath>c:\Program Files\dotnet\shared\Microsoft.NETCore.App\3.0.0\System.Diagnostics.Tracing.dll</ModulePath>
      <ModuleTime>2019-09-13T09:38:58Z</ModuleTime>
      <ModuleName>System.Diagnostics.Tracing</ModuleName>
      <Classes />
    </Module>
    <Module skippedDueTo="Filter" hash="25-3C-5A-82-38-22-BF-13-D9-A3-BE-75-EA-0E-CF-4F-BA-06-41-12">
      <ModulePath>c:\Program Files\dotnet\shared\Microsoft.NETCore.App\3.0.0\System.Threading.Tasks.dll</ModulePath>
      <ModuleTime>2019-09-13T09:38:58Z</ModuleTime>
      <ModuleName>System.Threading.Tasks</ModuleName>
      <Classes />
    </Module>
    <Module skippedDueTo="Filter" hash="B5-05-36-8A-8B-F2-DB-8B-6F-47-C7-88-2D-05-AF-53-BE-35-79-16">
      <ModulePath>c:\Program Files\dotnet\shared\Microsoft.NETCore.App\3.0.0\System.Globalization.dll</ModulePath>
      <ModuleTime>2019-09-13T09:38:54Z</ModuleTime>
      <ModuleName>System.Globalization</ModuleName>
      <Classes />
    </Module>
    <Module skippedDueTo="Filter" hash="57-52-89-8D-07-6B-12-72-E7-E5-31-32-03-CF-14-CF-B7-C0-0B-3B">
      <ModulePath>c:\Program Files\dotnet\shared\Microsoft.NETCore.App\3.0.0\System.Reflection.Emit.ILGeneration.dll</ModulePath>
      <ModuleTime>2019-09-13T09:38:48Z</ModuleTime>
      <ModuleName>System.Reflection.Emit.ILGeneration</ModuleName>
      <Classes />
    </Module>
    <Module skippedDueTo="Filter" hash="0E-7C-0C-E2-4C-76-91-23-F0-C7-58-71-F4-74-7A-A8-25-78-AE-2F">
      <ModulePath>c:\Program Files\dotnet\shared\Microsoft.NETCore.App\3.0.0\System.Reflection.Emit.Lightweight.dll</ModulePath>
      <ModuleTime>2019-09-13T09:38:48Z</ModuleTime>
      <ModuleName>System.Reflection.Emit.Lightweight</ModuleName>
      <Classes />
    </Module>
    <Module skippedDueTo="Filter" hash="71-D4-C1-34-68-01-A5-E8-D3-30-70-B1-84-47-62-9D-06-2B-1E-22">
      <ModulePath>c:\Program Files\dotnet\shared\Microsoft.NETCore.App\3.0.0\System.Reflection.Primitives.dll</ModulePath>
      <ModuleTime>2019-09-13T09:38:48Z</ModuleTime>
      <ModuleName>System.Reflection.Primitives</ModuleName>
      <Classes />
    </Module>
    <Module skippedDueTo="Filter" hash="96-28-99-13-31-C3-9A-A8-0E-BF-13-C7-F3-FA-D6-C7-73-21-A7-0F">
      <ModulePath>c:\Program Files\dotnet\sdk\3.0.100\Microsoft.TemplateEngine.Utils.dll</ModulePath>
      <ModuleTime>2019-09-18T02:43:44Z</ModuleTime>
      <ModuleName>Microsoft.TemplateEngine.Utils</ModuleName>
      <Classes />
    </Module>
    <Module skippedDueTo="Filter" hash="06-3E-50-46-72-4F-C4-E7-E7-53-99-D9-5A-97-A9-A8-1C-07-E8-51">
      <ModulePath>c:\Program Files\dotnet\shared\Microsoft.NETCore.App\3.0.0\Microsoft.Win32.Registry.dll</ModulePath>
      <ModuleTime>2019-09-13T09:38:46Z</ModuleTime>
      <ModuleName>Microsoft.Win32.Registry</ModuleName>
      <Classes />
    </Module>
    <Module skippedDueTo="Filter" hash="BE-92-37-9E-93-F6-09-D0-9B-08-25-71-88-E7-92-B7-90-0A-30-FA">
      <ModulePath>c:\Program Files\dotnet\shared\Microsoft.NETCore.App\3.0.0\System.Diagnostics.Tools.dll</ModulePath>
      <ModuleTime>2019-09-13T09:38:52Z</ModuleTime>
      <ModuleName>System.Diagnostics.Tools</ModuleName>
      <Classes />
    </Module>
    <Module skippedDueTo="Filter" hash="D3-13-C8-72-4C-29-B2-F7-F6-89-FD-80-FF-5F-D6-04-40-2E-5B-98">
      <ModulePath>c:\Program Files\dotnet\shared\Microsoft.NETCore.App\3.0.0\System.Diagnostics.Debug.dll</ModulePath>
      <ModuleTime>2019-09-13T09:38:46Z</ModuleTime>
      <ModuleName>System.Diagnostics.Debug</ModuleName>
      <Classes />
    </Module>
    <Module skippedDueTo="Filter" hash="BD-F1-88-A3-37-62-3D-E8-0F-EF-AF-51-E9-A1-F3-F1-5F-58-09-1B">
      <ModulePath>c:\Program Files\dotnet\shared\Microsoft.NETCore.App\3.0.0\System.IO.dll</ModulePath>
      <ModuleTime>2019-09-13T09:38:54Z</ModuleTime>
      <ModuleName>System.IO</ModuleName>
      <Classes />
    </Module>
    <Module skippedDueTo="Filter" hash="31-C4-CC-09-EF-D0-DA-A6-AD-9E-1D-04-1B-AB-56-DF-23-F6-82-00">
      <ModulePath>c:\Program Files\dotnet\shared\Microsoft.NETCore.App\3.0.0\System.Text.Encoding.dll</ModulePath>
      <ModuleTime>2019-09-13T09:38:56Z</ModuleTime>
      <ModuleName>System.Text.Encoding</ModuleName>
      <Classes />
    </Module>
    <Module skippedDueTo="Filter" hash="BC-DB-6A-18-18-A2-BA-25-25-75-DC-BE-AB-0E-E3-92-45-15-5E-7F">
      <ModulePath>c:\Program Files\dotnet\shared\Microsoft.NETCore.App\3.0.0\System.IO.Compression.dll</ModulePath>
      <ModuleTime>2019-09-13T09:38:52Z</ModuleTime>
      <ModuleName>System.IO.Compression</ModuleName>
      <Classes />
    </Module>
    <Module skippedDueTo="Filter" hash="C3-E6-43-A7-5E-29-C1-25-D5-0E-5D-E5-4F-E7-B8-5E-A5-8C-DA-88">
      <ModulePath>c:\Program Files\dotnet\shared\Microsoft.NETCore.App\3.0.0\System.Net.Http.dll</ModulePath>
      <ModuleTime>2019-09-13T09:38:58Z</ModuleTime>
      <ModuleName>System.Net.Http</ModuleName>
      <Classes />
    </Module>
    <Module skippedDueTo="Filter" hash="CF-E9-35-01-44-F1-22-1E-63-7F-C0-7F-CD-B4-F0-81-3F-85-C7-62">
      <ModulePath>c:\Program Files\dotnet\shared\Microsoft.NETCore.App\3.0.0\System.Net.Primitives.dll</ModulePath>
      <ModuleTime>2019-09-13T09:39:20Z</ModuleTime>
      <ModuleName>System.Net.Primitives</ModuleName>
      <Classes />
    </Module>
    <Module skippedDueTo="Filter" hash="7F-CD-1D-D3-BE-71-42-34-29-A7-F3-25-58-E5-50-64-8E-D4-58-6A">
      <ModulePath>c:\Program Files\dotnet\shared\Microsoft.NETCore.App\3.0.0\System.Net.Security.dll</ModulePath>
      <ModuleTime>2019-09-13T09:38:46Z</ModuleTime>
      <ModuleName>System.Net.Security</ModuleName>
      <Classes />
    </Module>
    <Module skippedDueTo="Filter" hash="59-BD-CE-C8-DB-54-74-85-5D-8F-D0-51-2C-1E-8F-7F-7F-59-F4-19">
      <ModulePath>c:\Program Files\dotnet\shared\Microsoft.NETCore.App\3.0.0\System.Security.Cryptography.X509Certificates.dll</ModulePath>
      <ModuleTime>2019-09-13T09:39:42Z</ModuleTime>
      <ModuleName>System.Security.Cryptography.X509Certificates</ModuleName>
      <Classes />
    </Module>
    <Module skippedDueTo="Filter" hash="F5-C8-F3-39-A4-6A-6F-10-C9-72-09-3F-3B-DE-51-14-E6-FE-8E-81">
      <ModulePath>c:\Program Files\dotnet\sdk\3.0.100\Microsoft.Build.Framework.dll</ModulePath>
      <ModuleTime>2019-09-18T02:43:34Z</ModuleTime>
      <ModuleName>Microsoft.Build.Framework</ModuleName>
      <Classes />
    </Module>
    <Module skippedDueTo="Filter" hash="73-A7-B8-F0-30-CE-CB-C7-4C-E4-A4-5C-D6-EA-17-D4-F8-2A-21-E5">
      <ModulePath>c:\Program Files\dotnet\shared\Microsoft.NETCore.App\3.0.0\System.ComponentModel.Primitives.dll</ModulePath>
      <ModuleTime>2019-09-13T09:38:48Z</ModuleTime>
      <ModuleName>System.ComponentModel.Primitives</ModuleName>
      <Classes />
    </Module>
    <Module skippedDueTo="Filter" hash="9E-53-FC-6A-01-A6-34-84-0F-3D-8C-B3-50-A1-E5-09-40-E4-09-F2">
      <ModulePath>c:\Program Files\dotnet\shared\Microsoft.NETCore.App\3.0.0\System.Collections.NonGeneric.dll</ModulePath>
      <ModuleTime>2019-09-13T09:38:46Z</ModuleTime>
      <ModuleName>System.Collections.NonGeneric</ModuleName>
      <Classes />
    </Module>
    <Module skippedDueTo="Filter" hash="89-89-F1-F7-96-64-06-49-3F-AB-83-C4-F9-39-D8-CC-66-E6-63-5D">
      <ModulePath>c:\Program Files\dotnet\shared\Microsoft.NETCore.App\3.0.0\Microsoft.Win32.Primitives.dll</ModulePath>
      <ModuleTime>2019-09-13T09:38:48Z</ModuleTime>
      <ModuleName>Microsoft.Win32.Primitives</ModuleName>
      <Classes />
    </Module>
    <Module skippedDueTo="Filter" hash="56-95-BC-19-24-3D-67-90-B1-EE-E2-1F-E2-E8-8B-48-00-01-79-43">
      <ModulePath>c:\Program Files\dotnet\shared\Microsoft.NETCore.App\3.0.0\System.Net.Requests.dll</ModulePath>
      <ModuleTime>2019-09-13T09:38:50Z</ModuleTime>
      <ModuleName>System.Net.Requests</ModuleName>
      <Classes />
    </Module>
    <Module skippedDueTo="Filter" hash="98-A5-DC-CA-AE-6A-B9-29-21-14-04-26-2E-5B-C3-F1-8C-D6-A5-70">
      <ModulePath>c:\Program Files\dotnet\shared\Microsoft.NETCore.App\3.0.0\System.Net.NetworkInformation.dll</ModulePath>
      <ModuleTime>2019-09-13T09:38:58Z</ModuleTime>
      <ModuleName>System.Net.NetworkInformation</ModuleName>
      <Classes />
    </Module>
    <Module skippedDueTo="Filter" hash="27-AE-4D-19-BA-0B-6F-50-37-E5-1C-D0-98-2D-99-96-71-33-3C-88">
      <ModulePath>c:\Program Files\dotnet\shared\Microsoft.NETCore.App\3.0.0\System.ComponentModel.dll</ModulePath>
      <ModuleTime>2019-09-13T09:38:50Z</ModuleTime>
      <ModuleName>System.ComponentModel</ModuleName>
      <Classes />
    </Module>
    <Module skippedDueTo="Filter" hash="0D-EB-F0-9C-23-D8-1E-AE-50-C3-5D-18-E6-F3-BA-EE-0A-D5-8C-EB">
      <ModulePath>c:\Program Files\dotnet\shared\Microsoft.NETCore.App\3.0.0\System.Diagnostics.DiagnosticSource.dll</ModulePath>
      <ModuleTime>2019-09-13T09:38:50Z</ModuleTime>
      <ModuleName>System.Diagnostics.DiagnosticSource</ModuleName>
      <Classes />
    </Module>
    <Module skippedDueTo="Filter" hash="D1-AE-1D-BE-70-DF-E5-64-C7-8A-8C-B9-7A-88-BF-97-41-06-1C-7B">
      <ModulePath>c:\Program Files\dotnet\shared\Microsoft.NETCore.App\3.0.0\System.Threading.Timer.dll</ModulePath>
      <ModuleTime>2019-09-13T09:38:52Z</ModuleTime>
      <ModuleName>System.Threading.Timer</ModuleName>
      <Classes />
    </Module>
    <Module skippedDueTo="Filter" hash="6C-1B-96-EC-12-32-29-B8-93-C9-9F-F5-9B-8D-46-AA-AA-39-1E-07">
      <ModulePath>c:\Program Files\dotnet\shared\Microsoft.NETCore.App\3.0.0\System.Net.Sockets.dll</ModulePath>
      <ModuleTime>2019-09-13T09:38:46Z</ModuleTime>
      <ModuleName>System.Net.Sockets</ModuleName>
      <Classes />
    </Module>
    <Module skippedDueTo="Filter" hash="BC-36-F7-D9-F1-C4-3F-07-98-FA-12-FF-A6-47-75-49-C0-C9-BE-89">
      <ModulePath>c:\Program Files\dotnet\shared\Microsoft.NETCore.App\3.0.0\System.Threading.Overlapped.dll</ModulePath>
      <ModuleTime>2019-09-13T09:38:58Z</ModuleTime>
      <ModuleName>System.Threading.Overlapped</ModuleName>
      <Classes />
    </Module>
    <Module skippedDueTo="Filter" hash="CE-2D-58-0A-B7-08-B1-37-A4-FA-4E-CB-4D-C6-77-F5-0C-1D-BD-7F">
      <ModulePath>c:\Program Files\dotnet\shared\Microsoft.NETCore.App\3.0.0\System.Net.NameResolution.dll</ModulePath>
      <ModuleTime>2019-09-13T09:38:58Z</ModuleTime>
      <ModuleName>System.Net.NameResolution</ModuleName>
      <Classes />
    </Module>
    <Module skippedDueTo="Filter" hash="FB-73-D9-87-FA-85-49-B6-F8-9C-FF-A3-ED-87-21-57-A5-04-7C-7B">
      <ModulePath>c:\Program Files\dotnet\shared\Microsoft.NETCore.App\3.0.0\System.Security.Principal.Windows.dll</ModulePath>
      <ModuleTime>2019-09-13T09:38:54Z</ModuleTime>
      <ModuleName>System.Security.Principal.Windows</ModuleName>
      <Classes />
    </Module>
    <Module skippedDueTo="Filter" hash="90-7F-E7-E5-1C-2D-93-ED-97-01-E4-37-80-9C-A5-21-C2-C2-9C-75">
      <ModulePath>c:\Program Files\dotnet\shared\Microsoft.NETCore.App\3.0.0\System.Security.Claims.dll</ModulePath>
      <ModuleTime>2019-09-13T09:38:56Z</ModuleTime>
      <ModuleName>System.Security.Claims</ModuleName>
      <Classes />
    </Module>
    <Module skippedDueTo="Filter" hash="1F-7D-28-F5-03-C7-92-0D-BD-9F-60-37-8D-47-55-0C-F6-64-A3-99">
      <ModulePath>c:\Program Files\dotnet\shared\Microsoft.NETCore.App\3.0.0\System.Security.Principal.dll</ModulePath>
      <ModuleTime>2019-09-13T09:38:52Z</ModuleTime>
      <ModuleName>System.Security.Principal</ModuleName>
      <Classes />
    </Module>
    <Module skippedDueTo="Filter" hash="1E-50-59-CB-7E-42-BB-E7-C7-C2-F7-3A-23-94-67-72-09-56-B0-91">
      <ModulePath>c:\Program Files\dotnet\shared\Microsoft.NETCore.App\3.0.0\System.Private.CoreLib.dll</ModulePath>
      <ModuleTime>2019-09-12T17:35:06Z</ModuleTime>
      <ModuleName>System.Private.CoreLib</ModuleName>
      <Classes />
    </Module>
    <Module skippedDueTo="Filter" hash="C0-63-D8-A1-46-3C-77-1C-CA-1F-9A-AF-2F-F2-89-04-70-34-28-14">
      <ModulePath>c:\Program Files\dotnet\shared\Microsoft.NETCore.App\3.0.0\System.Threading.ThreadPool.dll</ModulePath>
      <ModuleTime>2019-09-13T09:38:48Z</ModuleTime>
      <ModuleName>System.Threading.ThreadPool</ModuleName>
      <Classes />
    </Module>
    <Module skippedDueTo="Filter" hash="26-2A-90-74-B3-3A-04-C9-88-69-AB-41-D8-0C-C2-E9-A1-48-23-B9">
      <ModulePath>c:\Program Files\dotnet\sdk\3.0.100\MSBuild.dll</ModulePath>
      <ModuleTime>2019-09-18T02:43:36Z</ModuleTime>
      <ModuleName>MSBuild</ModuleName>
      <Classes />
    </Module>
    <Module skippedDueTo="Filter" hash="E8-63-7E-C0-ED-10-09-3B-34-3F-C8-46-46-40-E3-BE-56-5F-D8-64">
      <ModulePath>c:\Program Files\dotnet\shared\Microsoft.NETCore.App\3.0.0\System.Runtime.dll</ModulePath>
      <ModuleTime>2019-09-13T09:38:52Z</ModuleTime>
      <ModuleName>System.Runtime</ModuleName>
      <Classes />
    </Module>
    <Module skippedDueTo="Filter" hash="05-13-E6-B0-6A-CA-B9-54-F7-DB-E9-CA-18-13-52-10-E9-1D-7F-B9">
      <ModulePath>c:\Program Files\dotnet\shared\Microsoft.NETCore.App\3.0.0\System.Security.Cryptography.Encoding.dll</ModulePath>
      <ModuleTime>2019-09-13T09:38:56Z</ModuleTime>
      <ModuleName>System.Security.Cryptography.Encoding</ModuleName>
      <Classes />
    </Module>
    <Module skippedDueTo="Filter" hash="B3-34-CA-2B-39-F4-74-72-CC-34-4F-AC-8E-24-81-06-B0-52-9A-2B">
      <ModulePath>c:\Program Files\dotnet\shared\Microsoft.NETCore.App\3.0.0\System.Runtime.Extensions.dll</ModulePath>
      <ModuleTime>2019-09-13T09:38:56Z</ModuleTime>
      <ModuleName>System.Runtime.Extensions</ModuleName>
      <Classes />
    </Module>
    <Module skippedDueTo="Filter" hash="AF-E6-7B-01-02-B0-CA-AC-23-69-EF-E2-85-E2-A7-70-2B-E1-A9-14">
      <ModulePath>c:\Program Files\dotnet\shared\Microsoft.NETCore.App\3.0.0\System.Threading.dll</ModulePath>
      <ModuleTime>2019-09-13T09:38:58Z</ModuleTime>
      <ModuleName>System.Threading</ModuleName>
      <Classes />
    </Module>
    <Module skippedDueTo="Filter" hash="25-3C-5A-82-38-22-BF-13-D9-A3-BE-75-EA-0E-CF-4F-BA-06-41-12">
      <ModulePath>c:\Program Files\dotnet\shared\Microsoft.NETCore.App\3.0.0\System.Threading.Tasks.dll</ModulePath>
      <ModuleTime>2019-09-13T09:38:58Z</ModuleTime>
      <ModuleName>System.Threading.Tasks</ModuleName>
      <Classes />
    </Module>
    <Module skippedDueTo="Filter" hash="3D-1C-48-53-AC-33-D6-0A-6C-63-0E-BE-B3-B4-61-0C-47-D0-F4-99">
      <ModulePath>c:\Program Files\dotnet\shared\Microsoft.NETCore.App\3.0.0\System.Runtime.InteropServices.RuntimeInformation.dll</ModulePath>
      <ModuleTime>2019-09-13T09:38:54Z</ModuleTime>
      <ModuleName>System.Runtime.InteropServices.RuntimeInformation</ModuleName>
      <Classes />
    </Module>
    <Module skippedDueTo="Filter" hash="9A-37-A0-DF-9D-FC-A5-C2-E9-F6-5E-7E-A8-B5-A1-E7-99-18-9A-35">
      <ModulePath>c:\Program Files\dotnet\shared\Microsoft.NETCore.App\3.0.0\System.Diagnostics.Process.dll</ModulePath>
      <ModuleTime>2019-09-13T09:38:50Z</ModuleTime>
      <ModuleName>System.Diagnostics.Process</ModuleName>
      <Classes />
    </Module>
    <Module skippedDueTo="Filter" hash="73-A7-B8-F0-30-CE-CB-C7-4C-E4-A4-5C-D6-EA-17-D4-F8-2A-21-E5">
      <ModulePath>c:\Program Files\dotnet\shared\Microsoft.NETCore.App\3.0.0\System.ComponentModel.Primitives.dll</ModulePath>
      <ModuleTime>2019-09-13T09:38:48Z</ModuleTime>
      <ModuleName>System.ComponentModel.Primitives</ModuleName>
      <Classes />
    </Module>
    <Module skippedDueTo="Filter" hash="CA-D6-18-24-89-5E-4A-82-1B-D3-0E-1A-68-B7-50-F2-79-EA-29-2B">
      <ModulePath>c:\Program Files\dotnet\shared\Microsoft.NETCore.App\3.0.0\System.Linq.dll</ModulePath>
      <ModuleTime>2019-09-13T09:38:54Z</ModuleTime>
      <ModuleName>System.Linq</ModuleName>
      <Classes />
    </Module>
    <Module skippedDueTo="Filter" hash="40-F4-26-B6-FB-2D-77-A3-7F-DB-5C-F9-01-91-A8-F6-B5-E9-67-E7">
      <ModulePath>c:\Program Files\dotnet\shared\Microsoft.NETCore.App\3.0.0\System.Text.RegularExpressions.dll</ModulePath>
      <ModuleTime>2019-09-13T09:38:58Z</ModuleTime>
      <ModuleName>System.Text.RegularExpressions</ModuleName>
      <Classes />
    </Module>
    <Module skippedDueTo="Filter" hash="40-AA-30-B8-EF-40-FF-6F-82-15-0E-3D-1C-C5-24-B7-C8-AA-18-90">
      <ModulePath>c:\Program Files\dotnet\shared\Microsoft.NETCore.App\3.0.0\System.Collections.dll</ModulePath>
      <ModuleTime>2019-09-13T09:38:46Z</ModuleTime>
      <ModuleName>System.Collections</ModuleName>
      <Classes />
    </Module>
    <Module skippedDueTo="Filter" hash="94-14-03-F1-37-73-63-17-D3-F8-F4-74-97-49-D0-A1-13-D5-06-89">
      <ModulePath>c:\Program Files\dotnet\shared\Microsoft.NETCore.App\3.0.0\System.Memory.dll</ModulePath>
      <ModuleTime>2019-09-13T09:38:56Z</ModuleTime>
      <ModuleName>System.Memory</ModuleName>
      <Classes />
    </Module>
    <Module skippedDueTo="Filter" hash="9A-3F-13-63-C8-C8-E9-25-E9-A8-7C-4F-02-C7-3F-CD-BF-CB-6E-AD">
      <ModulePath>c:\Program Files\dotnet\shared\Microsoft.NETCore.App\3.0.0\System.Buffers.dll</ModulePath>
      <ModuleTime>2019-09-13T09:38:48Z</ModuleTime>
      <ModuleName>System.Buffers</ModuleName>
      <Classes />
    </Module>
    <Module skippedDueTo="Filter" hash="B4-74-FB-94-9C-4A-9F-B5-B4-12-8F-5B-FA-1C-51-F1-8A-1B-38-BF">
      <ModulePath>c:\Program Files\dotnet\shared\Microsoft.NETCore.App\3.0.0\System.IO.FileSystem.dll</ModulePath>
      <ModuleTime>2019-09-13T09:38:52Z</ModuleTime>
      <ModuleName>System.IO.FileSystem</ModuleName>
      <Classes />
    </Module>
    <Module skippedDueTo="Filter" hash="BA-7B-5C-E2-62-EA-0A-F2-61-10-E2-9E-C1-36-85-12-93-E7-2B-8E">
      <ModulePath>c:\Program Files\dotnet\shared\Microsoft.NETCore.App\3.0.0\System.Runtime.InteropServices.dll</ModulePath>
      <ModuleTime>2019-09-13T09:38:52Z</ModuleTime>
      <ModuleName>System.Runtime.InteropServices</ModuleName>
      <Classes />
    </Module>
    <Module skippedDueTo="Filter" hash="36-0B-1C-49-EB-C1-89-08-AC-4B-28-61-BC-51-24-3C-5E-88-66-C2">
      <ModulePath>c:\Program Files\dotnet\shared\Microsoft.NETCore.App\3.0.0\System.Console.dll</ModulePath>
      <ModuleTime>2019-09-13T09:38:50Z</ModuleTime>
      <ModuleName>System.Console</ModuleName>
      <Classes />
    </Module>
    <Module skippedDueTo="Filter" hash="F5-C8-F3-39-A4-6A-6F-10-C9-72-09-3F-3B-DE-51-14-E6-FE-8E-81">
      <ModulePath>c:\Program Files\dotnet\sdk\3.0.100\Microsoft.Build.Framework.dll</ModulePath>
      <ModuleTime>2019-09-18T02:43:34Z</ModuleTime>
      <ModuleName>Microsoft.Build.Framework</ModuleName>
      <Classes />
    </Module>
    <Module skippedDueTo="Filter" hash="C8-A7-11-DF-64-73-4F-55-1F-76-CD-D1-F7-DB-23-00-F4-0A-21-44">
      <ModulePath>c:\Program Files\dotnet\shared\Microsoft.NETCore.App\3.0.0\netstandard.dll</ModulePath>
      <ModuleTime>2019-09-13T09:38:48Z</ModuleTime>
      <ModuleName>netstandard</ModuleName>
      <Classes />
    </Module>
    <Module skippedDueTo="Filter" hash="63-B9-B3-24-3B-AF-AA-87-A9-B8-20-B9-1D-40-47-F7-5B-B6-68-81">
      <ModulePath>c:\Program Files\dotnet\sdk\3.0.100\Microsoft.Build.dll</ModulePath>
      <ModuleTime>2019-09-18T02:43:36Z</ModuleTime>
      <ModuleName>Microsoft.Build</ModuleName>
      <Classes />
    </Module>
    <Module skippedDueTo="Filter" hash="D3-13-C8-72-4C-29-B2-F7-F6-89-FD-80-FF-5F-D6-04-40-2E-5B-98">
      <ModulePath>c:\Program Files\dotnet\shared\Microsoft.NETCore.App\3.0.0\System.Diagnostics.Debug.dll</ModulePath>
      <ModuleTime>2019-09-13T09:38:46Z</ModuleTime>
      <ModuleName>System.Diagnostics.Debug</ModuleName>
      <Classes />
    </Module>
    <Module skippedDueTo="Filter" hash="95-FF-6D-AC-D4-0B-D8-B8-DA-AD-E3-4E-88-1F-4F-EA-2F-25-93-E1">
      <ModulePath>c:\Program Files\dotnet\shared\Microsoft.NETCore.App\3.0.0\System.Text.Encoding.CodePages.dll</ModulePath>
      <ModuleTime>2019-09-13T09:38:54Z</ModuleTime>
      <ModuleName>System.Text.Encoding.CodePages</ModuleName>
      <Classes />
    </Module>
    <Module skippedDueTo="Filter" hash="40-DD-05-DC-32-C6-D4-F0-5C-A6-42-3F-46-12-83-2A-7A-20-58-AE">
      <ModulePath>c:\Program Files\dotnet\shared\Microsoft.NETCore.App\3.0.0\System.Collections.Concurrent.dll</ModulePath>
      <ModuleTime>2019-09-13T09:38:48Z</ModuleTime>
      <ModuleName>System.Collections.Concurrent</ModuleName>
      <Classes />
    </Module>
    <Module skippedDueTo="Filter" hash="ED-B1-3C-3A-AC-20-BE-78-55-3A-53-50-74-69-96-AC-85-7D-82-15">
      <ModulePath>c:\Program Files\dotnet\sdk\3.0.100\dotnet.dll</ModulePath>
      <ModuleTime>2019-09-18T02:43:34Z</ModuleTime>
      <ModuleName>dotnet</ModuleName>
      <Classes />
    </Module>
    <Module skippedDueTo="Filter" hash="90-7B-50-44-1B-DB-3A-B1-02-E7-91-88-D7-88-62-99-50-6A-2E-02">
      <ModulePath>c:\Program Files\dotnet\sdk\3.0.100\Microsoft.DotNet.Configurer.dll</ModulePath>
      <ModuleTime>2019-09-18T02:43:38Z</ModuleTime>
      <ModuleName>Microsoft.DotNet.Configurer</ModuleName>
      <Classes />
    </Module>
    <Module skippedDueTo="Filter" hash="9F-AB-F7-A7-4C-A9-95-F8-16-BF-96-E6-7E-41-DF-EF-F1-71-AE-C9">
      <ModulePath>c:\Program Files\dotnet\sdk\3.0.100\Microsoft.DotNet.InternalAbstractions.dll</ModulePath>
      <ModuleTime>2019-09-18T02:43:40Z</ModuleTime>
      <ModuleName>Microsoft.DotNet.InternalAbstractions</ModuleName>
      <Classes />
    </Module>
    <Module skippedDueTo="Filter" hash="EA-68-65-33-7F-E1-90-A5-12-C5-72-AD-59-96-0E-22-D5-C8-CF-90">
      <ModulePath>c:\Program Files\dotnet\sdk\3.0.100\Microsoft.DotNet.Cli.Utils.dll</ModulePath>
      <ModuleTime>2019-09-18T02:43:34Z</ModuleTime>
      <ModuleName>Microsoft.DotNet.Cli.Utils</ModuleName>
      <Classes />
    </Module>
    <Module skippedDueTo="Filter" hash="6B-BE-10-CF-02-90-BC-66-FA-2D-07-13-07-A6-2B-39-2A-39-D0-9B">
      <ModulePath>c:\Program Files\dotnet\sdk\3.0.100\Microsoft.ApplicationInsights.dll</ModulePath>
      <ModuleTime>2019-09-18T02:43:36Z</ModuleTime>
      <ModuleName>Microsoft.ApplicationInsights</ModuleName>
      <Classes />
    </Module>
    <Module skippedDueTo="Filter" hash="3F-12-95-69-CE-16-B5-4B-E8-2C-EA-21-CC-1F-D4-6F-8F-8E-23-96">
      <ModulePath>c:\Program Files\dotnet\sdk\3.0.100\Microsoft.DotNet.PlatformAbstractions.dll</ModulePath>
      <ModuleTime>2019-09-18T02:43:44Z</ModuleTime>
      <ModuleName>Microsoft.DotNet.PlatformAbstractions</ModuleName>
      <Classes />
    </Module>
    <Module skippedDueTo="Filter" hash="DD-4B-1C-39-C2-71-7A-6A-EB-F8-06-10-83-5A-8D-F5-76-A1-74-EE">
      <ModulePath>c:\Program Files\dotnet\shared\Microsoft.NETCore.App\3.0.0\System.Text.Encoding.Extensions.dll</ModulePath>
      <ModuleTime>2019-09-13T09:38:56Z</ModuleTime>
      <ModuleName>System.Text.Encoding.Extensions</ModuleName>
      <Classes />
    </Module>
    <Module skippedDueTo="Filter" hash="A8-E5-A4-B3-25-3A-51-9D-CA-61-D4-47-79-0E-2B-83-0E-7F-5E-8B">
      <ModulePath>c:\Program Files\dotnet\shared\Microsoft.NETCore.App\3.0.0\System.Private.Uri.dll</ModulePath>
      <ModuleTime>2019-09-13T09:38:46Z</ModuleTime>
      <ModuleName>System.Private.Uri</ModuleName>
      <Classes />
    </Module>
    <Module skippedDueTo="Filter" hash="DA-38-ED-F1-95-29-82-D7-42-FD-37-C2-20-F6-D5-7C-61-0C-BF-C2">
      <ModulePath>c:\Program Files\dotnet\shared\Microsoft.NETCore.App\3.0.0\System.Runtime.CompilerServices.Unsafe.dll</ModulePath>
      <ModuleTime>2019-09-13T09:38:52Z</ModuleTime>
      <ModuleName>System.Runtime.CompilerServices.Unsafe</ModuleName>
      <Classes />
    </Module>
    <Module skippedDueTo="Filter" hash="A6-4C-2C-FE-9C-5F-FA-EF-7F-3C-A4-1E-85-CF-B6-85-2F-B9-B7-E3">
      <ModulePath>c:\Program Files\dotnet\shared\Microsoft.NETCore.App\3.0.0\System.Reflection.Extensions.dll</ModulePath>
      <ModuleTime>2019-09-13T09:38:50Z</ModuleTime>
      <ModuleName>System.Reflection.Extensions</ModuleName>
      <Classes />
    </Module>
    <Module skippedDueTo="Filter" hash="E2-66-F9-3A-F6-AF-E5-6F-4D-92-B9-54-23-AB-33-D5-1F-B6-BE-A4">
      <ModulePath>c:\Program Files\dotnet\shared\Microsoft.NETCore.App\3.0.0\System.Reflection.dll</ModulePath>
      <ModuleTime>2019-09-13T09:38:50Z</ModuleTime>
      <ModuleName>System.Reflection</ModuleName>
      <Classes />
    </Module>
    <Module skippedDueTo="Filter" hash="43-B8-08-16-7C-1F-05-64-F5-A6-6F-20-1C-4A-1D-E3-5D-02-B9-56">
      <ModulePath>c:\Program Files\dotnet\shared\Microsoft.NETCore.App\3.0.0\System.Xml.XDocument.dll</ModulePath>
      <ModuleTime>2019-09-13T09:38:46Z</ModuleTime>
      <ModuleName>System.Xml.XDocument</ModuleName>
      <Classes />
    </Module>
    <Module skippedDueTo="Filter" hash="E3-5C-E5-90-30-2C-B5-87-B5-83-B9-9E-8F-80-02-8B-B4-C0-73-A9">
      <ModulePath>c:\Program Files\dotnet\shared\Microsoft.NETCore.App\3.0.0\System.Private.Xml.Linq.dll</ModulePath>
      <ModuleTime>2019-09-13T09:38:50Z</ModuleTime>
      <ModuleName>System.Private.Xml.Linq</ModuleName>
      <Classes />
    </Module>
    <Module skippedDueTo="Filter" hash="E3-94-86-4C-08-E8-45-2B-B4-E4-A8-98-AD-86-09-48-EB-0D-55-70">
      <ModulePath>c:\Program Files\dotnet\shared\Microsoft.NETCore.App\3.0.0\System.Threading.Thread.dll</ModulePath>
      <ModuleTime>2019-09-13T09:38:46Z</ModuleTime>
      <ModuleName>System.Threading.Thread</ModuleName>
      <Classes />
    </Module>
    <Module skippedDueTo="Filter" hash="52-38-E6-CB-03-F4-99-63-64-20-03-AD-85-87-4A-69-39-10-E9-9B">
      <ModulePath>c:\Program Files\dotnet\shared\Microsoft.NETCore.App\3.0.0\System.Private.Xml.dll</ModulePath>
      <ModuleTime>2019-09-13T09:38:50Z</ModuleTime>
      <ModuleName>System.Private.Xml</ModuleName>
      <Classes />
    </Module>
    <Module skippedDueTo="Filter" hash="45-A3-13-7F-A1-32-51-53-F3-C2-99-A1-8E-7B-B9-68-D7-13-E1-B8">
      <ModulePath>c:\Program Files\dotnet\shared\Microsoft.NETCore.App\3.0.0\System.Xml.ReaderWriter.dll</ModulePath>
      <ModuleTime>2019-09-13T09:38:48Z</ModuleTime>
      <ModuleName>System.Xml.ReaderWriter</ModuleName>
      <Classes />
    </Module>
    <Module skippedDueTo="Filter" hash="4C-DC-2C-84-3C-14-D6-AC-1E-91-43-36-F0-1E-24-83-A9-BE-F6-D3">
      <ModulePath>c:\Program Files\dotnet\shared\Microsoft.NETCore.App\3.0.0\System.Diagnostics.Tracing.dll</ModulePath>
      <ModuleTime>2019-09-13T09:38:58Z</ModuleTime>
      <ModuleName>System.Diagnostics.Tracing</ModuleName>
      <Classes />
    </Module>
    <Module skippedDueTo="Filter" hash="B5-05-36-8A-8B-F2-DB-8B-6F-47-C7-88-2D-05-AF-53-BE-35-79-16">
      <ModulePath>c:\Program Files\dotnet\shared\Microsoft.NETCore.App\3.0.0\System.Globalization.dll</ModulePath>
      <ModuleTime>2019-09-13T09:38:54Z</ModuleTime>
      <ModuleName>System.Globalization</ModuleName>
      <Classes />
    </Module>
    <Module skippedDueTo="Filter" hash="08-92-24-95-67-3E-82-65-A0-94-D3-C2-2A-AF-C7-12-14-A4-A3-9E">
      <ModulePath>c:\Program Files\dotnet\shared\Microsoft.NETCore.App\3.0.0\System.Threading.Tasks.Dataflow.dll</ModulePath>
      <ModuleTime>2019-09-13T09:38:58Z</ModuleTime>
      <ModuleName>System.Threading.Tasks.Dataflow</ModuleName>
      <Classes />
    </Module>
    <Module skippedDueTo="Filter" hash="BB-21-29-CE-C1-DE-99-AC-1B-83-08-87-CB-FC-FD-E1-6A-71-62-56">
      <ModulePath>c:\Program Files\dotnet\shared\Microsoft.NETCore.App\3.0.0\System.Security.Cryptography.Algorithms.dll</ModulePath>
      <ModuleTime>2019-09-13T09:38:52Z</ModuleTime>
      <ModuleName>System.Security.Cryptography.Algorithms</ModuleName>
      <Classes />
    </Module>
    <Module skippedDueTo="Filter" hash="D8-97-6F-49-FB-A9-EA-18-73-DE-CF-B4-6D-FE-D4-06-62-10-0F-98">
      <ModulePath>c:\Program Files\dotnet\shared\Microsoft.NETCore.App\3.0.0\System.Security.Cryptography.Primitives.dll</ModulePath>
      <ModuleTime>2019-09-13T09:38:54Z</ModuleTime>
      <ModuleName>System.Security.Cryptography.Primitives</ModuleName>
      <Classes />
    </Module>
    <Module skippedDueTo="Filter" hash="06-3E-50-46-72-4F-C4-E7-E7-53-99-D9-5A-97-A9-A8-1C-07-E8-51">
      <ModulePath>c:\Program Files\dotnet\shared\Microsoft.NETCore.App\3.0.0\Microsoft.Win32.Registry.dll</ModulePath>
      <ModuleTime>2019-09-13T09:38:46Z</ModuleTime>
      <ModuleName>Microsoft.Win32.Registry</ModuleName>
      <Classes />
    </Module>
    <Module skippedDueTo="Filter" hash="FE-CE-91-AE-C1-38-E6-B8-40-24-CF-CA-F2-1F-DC-35-E9-E7-7A-B0">
      <ModulePath>c:\Program Files\dotnet\shared\Microsoft.NETCore.App\3.0.0\System.Resources.ResourceManager.dll</ModulePath>
      <ModuleTime>2019-09-13T09:38:46Z</ModuleTime>
      <ModuleName>System.Resources.ResourceManager</ModuleName>
      <Classes />
    </Module>
    <Module skippedDueTo="Filter" hash="B9-83-0B-1E-B5-B7-1E-3B-CE-9B-C7-03-E0-AD-E3-6B-64-9D-17-83">
      <ModulePath>c:\Program Files\dotnet\shared\Microsoft.NETCore.App\3.0.0\System.ObjectModel.dll</ModulePath>
      <ModuleTime>2019-09-13T09:38:50Z</ModuleTime>
      <ModuleName>System.ObjectModel</ModuleName>
      <Classes />
    </Module>
    <Module skippedDueTo="Filter" hash="57-52-89-8D-07-6B-12-72-E7-E5-31-32-03-CF-14-CF-B7-C0-0B-3B">
      <ModulePath>c:\Program Files\dotnet\shared\Microsoft.NETCore.App\3.0.0\System.Reflection.Emit.ILGeneration.dll</ModulePath>
      <ModuleTime>2019-09-13T09:38:48Z</ModuleTime>
      <ModuleName>System.Reflection.Emit.ILGeneration</ModuleName>
      <Classes />
    </Module>
    <Module skippedDueTo="Filter" hash="0E-7C-0C-E2-4C-76-91-23-F0-C7-58-71-F4-74-7A-A8-25-78-AE-2F">
      <ModulePath>c:\Program Files\dotnet\shared\Microsoft.NETCore.App\3.0.0\System.Reflection.Emit.Lightweight.dll</ModulePath>
      <ModuleTime>2019-09-13T09:38:48Z</ModuleTime>
      <ModuleName>System.Reflection.Emit.Lightweight</ModuleName>
      <Classes />
    </Module>
    <Module skippedDueTo="Filter" hash="71-D4-C1-34-68-01-A5-E8-D3-30-70-B1-84-47-62-9D-06-2B-1E-22">
      <ModulePath>c:\Program Files\dotnet\shared\Microsoft.NETCore.App\3.0.0\System.Reflection.Primitives.dll</ModulePath>
      <ModuleTime>2019-09-13T09:38:48Z</ModuleTime>
      <ModuleName>System.Reflection.Primitives</ModuleName>
      <Classes />
    </Module>
    <Module skippedDueTo="Filter" hash="89-D9-4A-93-C8-D6-56-29-76-41-F1-E1-0C-05-AC-7B-DC-BC-0C-D5">
      <ModulePath>c:\Program Files\dotnet\shared\Microsoft.NETCore.App\3.0.0\System.Diagnostics.TraceSource.dll</ModulePath>
      <ModuleTime>2019-09-13T09:38:54Z</ModuleTime>
      <ModuleName>System.Diagnostics.TraceSource</ModuleName>
      <Classes />
    </Module>
    <Module skippedDueTo="Filter" hash="9A-55-C2-F3-0E-6F-C2-63-79-90-C0-7B-02-7F-58-E7-45-C4-D1-03">
      <ModulePath>c:\Program Files\dotnet\shared\Microsoft.NETCore.App\3.0.0\System.Collections.Immutable.dll</ModulePath>
      <ModuleTime>2019-09-13T09:38:46Z</ModuleTime>
      <ModuleName>System.Collections.Immutable</ModuleName>
      <Classes />
    </Module>
    <Module skippedDueTo="Filter" hash="75-15-1A-30-DB-4F-85-9E-36-BA-EF-85-36-B8-DE-BF-18-A4-9F-4B">
      <ModulePath>c:\Program Files\dotnet\shared\Microsoft.NETCore.App\3.0.0\System.Threading.Tasks.Parallel.dll</ModulePath>
      <ModuleTime>2019-09-13T09:38:58Z</ModuleTime>
      <ModuleName>System.Threading.Tasks.Parallel</ModuleName>
      <Classes />
    </Module>
    <Module skippedDueTo="Filter" hash="4C-39-F4-D8-6D-24-94-5A-E6-5C-FE-12-17-C2-CC-34-0A-D8-04-59">
      <ModulePath>c:\Program Files\dotnet\sdk\3.0.100\Microsoft.Build.Tasks.Core.dll</ModulePath>
      <ModuleTime>2019-09-18T02:43:38Z</ModuleTime>
      <ModuleName>Microsoft.Build.Tasks.Core</ModuleName>
      <Classes />
    </Module>
    <Module skippedDueTo="Filter" hash="14-D8-C7-00-B7-F7-88-5A-37-86-26-20-7A-FE-65-AA-61-E7-FB-1F">
      <ModulePath>c:\Program Files\dotnet\sdk\3.0.100\Microsoft.Build.Utilities.Core.dll</ModulePath>
      <ModuleTime>2019-09-18T02:43:34Z</ModuleTime>
      <ModuleName>Microsoft.Build.Utilities.Core</ModuleName>
      <Classes />
    </Module>
    <Module skippedDueTo="Filter" hash="40-98-6A-B8-13-F3-1A-60-8C-B5-39-0C-00-A0-68-01-FF-DF-57-EE">
      <ModulePath>c:\Program Files\dotnet\sdk\3.0.100\NuGet.Build.Tasks.dll</ModulePath>
      <ModuleTime>2019-09-18T02:43:44Z</ModuleTime>
      <ModuleName>NuGet.Build.Tasks</ModuleName>
      <Classes />
    </Module>
    <Module skippedDueTo="Filter" hash="85-1E-ED-0D-77-6B-67-7F-EE-45-B9-C5-FA-45-F5-B1-4C-0E-79-DF">
      <ModulePath>c:\Program Files\dotnet\sdk\3.0.100\NuGet.Commands.dll</ModulePath>
      <ModuleTime>2019-09-18T02:43:46Z</ModuleTime>
      <ModuleName>NuGet.Commands</ModuleName>
      <Classes />
    </Module>
    <Module skippedDueTo="Filter" hash="B1-CE-20-1F-2D-28-6E-BF-CD-84-1D-68-E3-D1-8D-D1-76-4C-EF-1D">
      <ModulePath>c:\Program Files\dotnet\sdk\3.0.100\NuGet.Common.dll</ModulePath>
      <ModuleTime>2019-09-18T02:43:46Z</ModuleTime>
      <ModuleName>NuGet.Common</ModuleName>
      <Classes />
    </Module>
    <Module skippedDueTo="Filter" hash="9E-53-FC-6A-01-A6-34-84-0F-3D-8C-B3-50-A1-E5-09-40-E4-09-F2">
      <ModulePath>c:\Program Files\dotnet\shared\Microsoft.NETCore.App\3.0.0\System.Collections.NonGeneric.dll</ModulePath>
      <ModuleTime>2019-09-13T09:38:46Z</ModuleTime>
      <ModuleName>System.Collections.NonGeneric</ModuleName>
      <Classes />
    </Module>
    <Module skippedDueTo="Filter" hash="89-89-F1-F7-96-64-06-49-3F-AB-83-C4-F9-39-D8-CC-66-E6-63-5D">
      <ModulePath>c:\Program Files\dotnet\shared\Microsoft.NETCore.App\3.0.0\Microsoft.Win32.Primitives.dll</ModulePath>
      <ModuleTime>2019-09-13T09:38:48Z</ModuleTime>
      <ModuleName>Microsoft.Win32.Primitives</ModuleName>
      <Classes />
    </Module>
    <Module skippedDueTo="Filter" hash="C0-63-D8-A1-46-3C-77-1C-CA-1F-9A-AF-2F-F2-89-04-70-34-28-14">
      <ModulePath>c:\Program Files\dotnet\shared\Microsoft.NETCore.App\3.0.0\System.Threading.ThreadPool.dll</ModulePath>
      <ModuleTime>2019-09-13T09:38:48Z</ModuleTime>
      <ModuleName>System.Threading.ThreadPool</ModuleName>
      <Classes />
    </Module>
    <Module skippedDueTo="Filter" hash="0F-90-C8-0C-B1-19-FC-E0-74-51-EE-44-38-7D-35-C0-90-96-80-06">
      <ModulePath>c:\Program Files\dotnet\shared\Microsoft.NETCore.App\3.0.0\System.IO.Pipes.dll</ModulePath>
      <ModuleTime>2019-09-13T09:38:56Z</ModuleTime>
      <ModuleName>System.IO.Pipes</ModuleName>
      <Classes />
    </Module>
    <Module skippedDueTo="Filter" hash="1F-7D-28-F5-03-C7-92-0D-BD-9F-60-37-8D-47-55-0C-F6-64-A3-99">
      <ModulePath>c:\Program Files\dotnet\shared\Microsoft.NETCore.App\3.0.0\System.Security.Principal.dll</ModulePath>
      <ModuleTime>2019-09-13T09:38:52Z</ModuleTime>
      <ModuleName>System.Security.Principal</ModuleName>
      <Classes />
    </Module>
    <Module skippedDueTo="Filter" hash="A1-6B-ED-9F-A3-46-78-D4-5B-DF-0A-11-7F-F3-C5-97-1E-49-58-16">
      <ModulePath>c:\Program Files\dotnet\shared\Microsoft.NETCore.App\3.0.0\System.Runtime.Loader.dll</ModulePath>
      <ModuleTime>2019-09-13T09:38:56Z</ModuleTime>
      <ModuleName>System.Runtime.Loader</ModuleName>
      <Classes />
    </Module>
    <Module skippedDueTo="Filter" hash="A4-1E-9A-46-42-B4-DC-28-EB-47-82-C7-8B-B4-B1-22-EE-84-F2-7F">
      <ModulePath>c:\Program Files\dotnet\sdk\3.0.100\Microsoft.Build.NuGetSdkResolver.dll</ModulePath>
      <ModuleTime>2019-09-18T02:43:38Z</ModuleTime>
      <ModuleName>Microsoft.Build.NuGetSdkResolver</ModuleName>
      <Classes />
    </Module>
    <Module skippedDueTo="Filter" hash="48-8E-67-CB-EA-98-52-A9-07-30-32-A6-30-4B-76-88-97-2A-BC-A6">
      <ModulePath>c:\Program Files\dotnet\shared\Microsoft.NETCore.App\3.0.0\System.Diagnostics.FileVersionInfo.dll</ModulePath>
      <ModuleTime>2019-09-13T09:38:50Z</ModuleTime>
      <ModuleName>System.Diagnostics.FileVersionInfo</ModuleName>
      <Classes />
    </Module>
    <Module skippedDueTo="Filter" hash="27-AE-4D-19-BA-0B-6F-50-37-E5-1C-D0-98-2D-99-96-71-33-3C-88">
      <ModulePath>c:\Program Files\dotnet\shared\Microsoft.NETCore.App\3.0.0\System.ComponentModel.dll</ModulePath>
      <ModuleTime>2019-09-13T09:38:50Z</ModuleTime>
      <ModuleName>System.ComponentModel</ModuleName>
      <Classes />
    </Module>
    <Module skippedDueTo="Filter" hash="1E-50-59-CB-7E-42-BB-E7-C7-C2-F7-3A-23-94-67-72-09-56-B0-91">
      <ModulePath>c:\Program Files\dotnet\shared\Microsoft.NETCore.App\3.0.0\System.Private.CoreLib.dll</ModulePath>
      <ModuleTime>2019-09-12T17:35:06Z</ModuleTime>
      <ModuleName>System.Private.CoreLib</ModuleName>
      <Classes />
    </Module>
    <Module skippedDueTo="Filter" hash="26-2A-90-74-B3-3A-04-C9-88-69-AB-41-D8-0C-C2-E9-A1-48-23-B9">
      <ModulePath>c:\Program Files\dotnet\sdk\3.0.100\MSBuild.dll</ModulePath>
      <ModuleTime>2019-09-18T02:43:36Z</ModuleTime>
      <ModuleName>MSBuild</ModuleName>
      <Classes />
    </Module>
    <Module skippedDueTo="Filter" hash="E8-63-7E-C0-ED-10-09-3B-34-3F-C8-46-46-40-E3-BE-56-5F-D8-64">
      <ModulePath>c:\Program Files\dotnet\shared\Microsoft.NETCore.App\3.0.0\System.Runtime.dll</ModulePath>
      <ModuleTime>2019-09-13T09:38:52Z</ModuleTime>
      <ModuleName>System.Runtime</ModuleName>
      <Classes />
    </Module>
    <Module skippedDueTo="Filter" hash="B3-34-CA-2B-39-F4-74-72-CC-34-4F-AC-8E-24-81-06-B0-52-9A-2B">
      <ModulePath>c:\Program Files\dotnet\shared\Microsoft.NETCore.App\3.0.0\System.Runtime.Extensions.dll</ModulePath>
      <ModuleTime>2019-09-13T09:38:56Z</ModuleTime>
      <ModuleName>System.Runtime.Extensions</ModuleName>
      <Classes />
    </Module>
    <Module skippedDueTo="Filter" hash="AF-E6-7B-01-02-B0-CA-AC-23-69-EF-E2-85-E2-A7-70-2B-E1-A9-14">
      <ModulePath>c:\Program Files\dotnet\shared\Microsoft.NETCore.App\3.0.0\System.Threading.dll</ModulePath>
      <ModuleTime>2019-09-13T09:38:58Z</ModuleTime>
      <ModuleName>System.Threading</ModuleName>
      <Classes />
    </Module>
    <Module skippedDueTo="Filter" hash="25-3C-5A-82-38-22-BF-13-D9-A3-BE-75-EA-0E-CF-4F-BA-06-41-12">
      <ModulePath>c:\Program Files\dotnet\shared\Microsoft.NETCore.App\3.0.0\System.Threading.Tasks.dll</ModulePath>
      <ModuleTime>2019-09-13T09:38:58Z</ModuleTime>
      <ModuleName>System.Threading.Tasks</ModuleName>
      <Classes />
    </Module>
    <Module skippedDueTo="Filter" hash="3D-1C-48-53-AC-33-D6-0A-6C-63-0E-BE-B3-B4-61-0C-47-D0-F4-99">
      <ModulePath>c:\Program Files\dotnet\shared\Microsoft.NETCore.App\3.0.0\System.Runtime.InteropServices.RuntimeInformation.dll</ModulePath>
      <ModuleTime>2019-09-13T09:38:54Z</ModuleTime>
      <ModuleName>System.Runtime.InteropServices.RuntimeInformation</ModuleName>
      <Classes />
    </Module>
    <Module skippedDueTo="Filter" hash="9A-37-A0-DF-9D-FC-A5-C2-E9-F6-5E-7E-A8-B5-A1-E7-99-18-9A-35">
      <ModulePath>c:\Program Files\dotnet\shared\Microsoft.NETCore.App\3.0.0\System.Diagnostics.Process.dll</ModulePath>
      <ModuleTime>2019-09-13T09:38:50Z</ModuleTime>
      <ModuleName>System.Diagnostics.Process</ModuleName>
      <Classes />
    </Module>
    <Module skippedDueTo="Filter" hash="73-A7-B8-F0-30-CE-CB-C7-4C-E4-A4-5C-D6-EA-17-D4-F8-2A-21-E5">
      <ModulePath>c:\Program Files\dotnet\shared\Microsoft.NETCore.App\3.0.0\System.ComponentModel.Primitives.dll</ModulePath>
      <ModuleTime>2019-09-13T09:38:48Z</ModuleTime>
      <ModuleName>System.ComponentModel.Primitives</ModuleName>
      <Classes />
    </Module>
    <Module skippedDueTo="Filter" hash="CA-D6-18-24-89-5E-4A-82-1B-D3-0E-1A-68-B7-50-F2-79-EA-29-2B">
      <ModulePath>c:\Program Files\dotnet\shared\Microsoft.NETCore.App\3.0.0\System.Linq.dll</ModulePath>
      <ModuleTime>2019-09-13T09:38:54Z</ModuleTime>
      <ModuleName>System.Linq</ModuleName>
      <Classes />
    </Module>
    <Module skippedDueTo="Filter" hash="40-F4-26-B6-FB-2D-77-A3-7F-DB-5C-F9-01-91-A8-F6-B5-E9-67-E7">
      <ModulePath>c:\Program Files\dotnet\shared\Microsoft.NETCore.App\3.0.0\System.Text.RegularExpressions.dll</ModulePath>
      <ModuleTime>2019-09-13T09:38:58Z</ModuleTime>
      <ModuleName>System.Text.RegularExpressions</ModuleName>
      <Classes />
    </Module>
    <Module skippedDueTo="Filter" hash="40-AA-30-B8-EF-40-FF-6F-82-15-0E-3D-1C-C5-24-B7-C8-AA-18-90">
      <ModulePath>c:\Program Files\dotnet\shared\Microsoft.NETCore.App\3.0.0\System.Collections.dll</ModulePath>
      <ModuleTime>2019-09-13T09:38:46Z</ModuleTime>
      <ModuleName>System.Collections</ModuleName>
      <Classes />
    </Module>
    <Module skippedDueTo="Filter" hash="94-14-03-F1-37-73-63-17-D3-F8-F4-74-97-49-D0-A1-13-D5-06-89">
      <ModulePath>c:\Program Files\dotnet\shared\Microsoft.NETCore.App\3.0.0\System.Memory.dll</ModulePath>
      <ModuleTime>2019-09-13T09:38:56Z</ModuleTime>
      <ModuleName>System.Memory</ModuleName>
      <Classes />
    </Module>
    <Module skippedDueTo="Filter" hash="9A-3F-13-63-C8-C8-E9-25-E9-A8-7C-4F-02-C7-3F-CD-BF-CB-6E-AD">
      <ModulePath>c:\Program Files\dotnet\shared\Microsoft.NETCore.App\3.0.0\System.Buffers.dll</ModulePath>
      <ModuleTime>2019-09-13T09:38:48Z</ModuleTime>
      <ModuleName>System.Buffers</ModuleName>
      <Classes />
    </Module>
    <Module skippedDueTo="Filter" hash="B4-74-FB-94-9C-4A-9F-B5-B4-12-8F-5B-FA-1C-51-F1-8A-1B-38-BF">
      <ModulePath>c:\Program Files\dotnet\shared\Microsoft.NETCore.App\3.0.0\System.IO.FileSystem.dll</ModulePath>
      <ModuleTime>2019-09-13T09:38:52Z</ModuleTime>
      <ModuleName>System.IO.FileSystem</ModuleName>
      <Classes />
    </Module>
    <Module skippedDueTo="Filter" hash="BA-7B-5C-E2-62-EA-0A-F2-61-10-E2-9E-C1-36-85-12-93-E7-2B-8E">
      <ModulePath>c:\Program Files\dotnet\shared\Microsoft.NETCore.App\3.0.0\System.Runtime.InteropServices.dll</ModulePath>
      <ModuleTime>2019-09-13T09:38:52Z</ModuleTime>
      <ModuleName>System.Runtime.InteropServices</ModuleName>
      <Classes />
    </Module>
    <Module skippedDueTo="Filter" hash="36-0B-1C-49-EB-C1-89-08-AC-4B-28-61-BC-51-24-3C-5E-88-66-C2">
      <ModulePath>c:\Program Files\dotnet\shared\Microsoft.NETCore.App\3.0.0\System.Console.dll</ModulePath>
      <ModuleTime>2019-09-13T09:38:50Z</ModuleTime>
      <ModuleName>System.Console</ModuleName>
      <Classes />
    </Module>
    <Module skippedDueTo="Filter" hash="F5-C8-F3-39-A4-6A-6F-10-C9-72-09-3F-3B-DE-51-14-E6-FE-8E-81">
      <ModulePath>c:\Program Files\dotnet\sdk\3.0.100\Microsoft.Build.Framework.dll</ModulePath>
      <ModuleTime>2019-09-18T02:43:34Z</ModuleTime>
      <ModuleName>Microsoft.Build.Framework</ModuleName>
      <Classes />
    </Module>
    <Module skippedDueTo="Filter" hash="C8-A7-11-DF-64-73-4F-55-1F-76-CD-D1-F7-DB-23-00-F4-0A-21-44">
      <ModulePath>c:\Program Files\dotnet\shared\Microsoft.NETCore.App\3.0.0\netstandard.dll</ModulePath>
      <ModuleTime>2019-09-13T09:38:48Z</ModuleTime>
      <ModuleName>netstandard</ModuleName>
      <Classes />
    </Module>
    <Module skippedDueTo="Filter" hash="63-B9-B3-24-3B-AF-AA-87-A9-B8-20-B9-1D-40-47-F7-5B-B6-68-81">
      <ModulePath>c:\Program Files\dotnet\sdk\3.0.100\Microsoft.Build.dll</ModulePath>
      <ModuleTime>2019-09-18T02:43:36Z</ModuleTime>
      <ModuleName>Microsoft.Build</ModuleName>
      <Classes />
    </Module>
    <Module skippedDueTo="Filter" hash="D3-13-C8-72-4C-29-B2-F7-F6-89-FD-80-FF-5F-D6-04-40-2E-5B-98">
      <ModulePath>c:\Program Files\dotnet\shared\Microsoft.NETCore.App\3.0.0\System.Diagnostics.Debug.dll</ModulePath>
      <ModuleTime>2019-09-13T09:38:46Z</ModuleTime>
      <ModuleName>System.Diagnostics.Debug</ModuleName>
      <Classes />
    </Module>
    <Module skippedDueTo="Filter" hash="95-FF-6D-AC-D4-0B-D8-B8-DA-AD-E3-4E-88-1F-4F-EA-2F-25-93-E1">
      <ModulePath>c:\Program Files\dotnet\shared\Microsoft.NETCore.App\3.0.0\System.Text.Encoding.CodePages.dll</ModulePath>
      <ModuleTime>2019-09-13T09:38:54Z</ModuleTime>
      <ModuleName>System.Text.Encoding.CodePages</ModuleName>
      <Classes />
    </Module>
    <Module skippedDueTo="Filter" hash="40-DD-05-DC-32-C6-D4-F0-5C-A6-42-3F-46-12-83-2A-7A-20-58-AE">
      <ModulePath>c:\Program Files\dotnet\shared\Microsoft.NETCore.App\3.0.0\System.Collections.Concurrent.dll</ModulePath>
      <ModuleTime>2019-09-13T09:38:48Z</ModuleTime>
      <ModuleName>System.Collections.Concurrent</ModuleName>
      <Classes />
    </Module>
    <Module skippedDueTo="Filter" hash="0F-90-C8-0C-B1-19-FC-E0-74-51-EE-44-38-7D-35-C0-90-96-80-06">
      <ModulePath>c:\Program Files\dotnet\shared\Microsoft.NETCore.App\3.0.0\System.IO.Pipes.dll</ModulePath>
      <ModuleTime>2019-09-13T09:38:56Z</ModuleTime>
      <ModuleName>System.IO.Pipes</ModuleName>
      <Classes />
    </Module>
    <Module skippedDueTo="Filter" hash="DD-4B-1C-39-C2-71-7A-6A-EB-F8-06-10-83-5A-8D-F5-76-A1-74-EE">
      <ModulePath>c:\Program Files\dotnet\shared\Microsoft.NETCore.App\3.0.0\System.Text.Encoding.Extensions.dll</ModulePath>
      <ModuleTime>2019-09-13T09:38:56Z</ModuleTime>
      <ModuleName>System.Text.Encoding.Extensions</ModuleName>
      <Classes />
    </Module>
    <Module skippedDueTo="Filter" hash="8F-1D-55-0D-51-19-90-09-F1-6F-A1-03-F4-2B-10-7B-A7-67-63-78">
      <ModulePath>c:\Program Files\dotnet\shared\Microsoft.NETCore.App\3.0.0\System.Security.AccessControl.dll</ModulePath>
      <ModuleTime>2019-09-13T09:38:54Z</ModuleTime>
      <ModuleName>System.Security.AccessControl</ModuleName>
      <Classes />
    </Module>
    <Module skippedDueTo="Filter" hash="FB-73-D9-87-FA-85-49-B6-F8-9C-FF-A3-ED-87-21-57-A5-04-7C-7B">
      <ModulePath>c:\Program Files\dotnet\shared\Microsoft.NETCore.App\3.0.0\System.Security.Principal.Windows.dll</ModulePath>
      <ModuleTime>2019-09-13T09:38:54Z</ModuleTime>
      <ModuleName>System.Security.Principal.Windows</ModuleName>
      <Classes />
    </Module>
    <Module skippedDueTo="Filter" hash="90-7F-E7-E5-1C-2D-93-ED-97-01-E4-37-80-9C-A5-21-C2-C2-9C-75">
      <ModulePath>c:\Program Files\dotnet\shared\Microsoft.NETCore.App\3.0.0\System.Security.Claims.dll</ModulePath>
      <ModuleTime>2019-09-13T09:38:56Z</ModuleTime>
      <ModuleName>System.Security.Claims</ModuleName>
      <Classes />
    </Module>
    <Module skippedDueTo="Filter" hash="1F-7D-28-F5-03-C7-92-0D-BD-9F-60-37-8D-47-55-0C-F6-64-A3-99">
      <ModulePath>c:\Program Files\dotnet\shared\Microsoft.NETCore.App\3.0.0\System.Security.Principal.dll</ModulePath>
      <ModuleTime>2019-09-13T09:38:52Z</ModuleTime>
      <ModuleName>System.Security.Principal</ModuleName>
      <Classes />
    </Module>
    <Module skippedDueTo="Filter" hash="BC-36-F7-D9-F1-C4-3F-07-98-FA-12-FF-A6-47-75-49-C0-C9-BE-89">
      <ModulePath>c:\Program Files\dotnet\shared\Microsoft.NETCore.App\3.0.0\System.Threading.Overlapped.dll</ModulePath>
      <ModuleTime>2019-09-13T09:38:58Z</ModuleTime>
      <ModuleName>System.Threading.Overlapped</ModuleName>
      <Classes />
    </Module>
    <Module skippedDueTo="Filter" hash="BC-36-F7-D9-F1-C4-3F-07-98-FA-12-FF-A6-47-75-49-C0-C9-BE-89">
      <ModulePath>c:\Program Files\dotnet\shared\Microsoft.NETCore.App\3.0.0\System.Threading.Overlapped.dll</ModulePath>
      <ModuleTime>2019-09-13T09:38:58Z</ModuleTime>
      <ModuleName>System.Threading.Overlapped</ModuleName>
      <Classes />
    </Module>
    <Module skippedDueTo="Filter" hash="E3-94-86-4C-08-E8-45-2B-B4-E4-A8-98-AD-86-09-48-EB-0D-55-70">
      <ModulePath>c:\Program Files\dotnet\shared\Microsoft.NETCore.App\3.0.0\System.Threading.Thread.dll</ModulePath>
      <ModuleTime>2019-09-13T09:38:46Z</ModuleTime>
      <ModuleName>System.Threading.Thread</ModuleName>
      <Classes />
    </Module>
    <Module skippedDueTo="Filter" hash="8F-1D-55-0D-51-19-90-09-F1-6F-A1-03-F4-2B-10-7B-A7-67-63-78">
      <ModulePath>c:\Program Files\dotnet\shared\Microsoft.NETCore.App\3.0.0\System.Security.AccessControl.dll</ModulePath>
      <ModuleTime>2019-09-13T09:38:54Z</ModuleTime>
      <ModuleName>System.Security.AccessControl</ModuleName>
      <Classes />
    </Module>
    <Module skippedDueTo="Filter" hash="FB-73-D9-87-FA-85-49-B6-F8-9C-FF-A3-ED-87-21-57-A5-04-7C-7B">
      <ModulePath>c:\Program Files\dotnet\shared\Microsoft.NETCore.App\3.0.0\System.Security.Principal.Windows.dll</ModulePath>
      <ModuleTime>2019-09-13T09:38:54Z</ModuleTime>
      <ModuleName>System.Security.Principal.Windows</ModuleName>
      <Classes />
    </Module>
    <Module skippedDueTo="Filter" hash="90-7F-E7-E5-1C-2D-93-ED-97-01-E4-37-80-9C-A5-21-C2-C2-9C-75">
      <ModulePath>c:\Program Files\dotnet\shared\Microsoft.NETCore.App\3.0.0\System.Security.Claims.dll</ModulePath>
      <ModuleTime>2019-09-13T09:38:56Z</ModuleTime>
      <ModuleName>System.Security.Claims</ModuleName>
      <Classes />
    </Module>
    <Module skippedDueTo="Filter" hash="B9-83-0B-1E-B5-B7-1E-3B-CE-9B-C7-03-E0-AD-E3-6B-64-9D-17-83">
      <ModulePath>c:\Program Files\dotnet\shared\Microsoft.NETCore.App\3.0.0\System.ObjectModel.dll</ModulePath>
      <ModuleTime>2019-09-13T09:38:50Z</ModuleTime>
      <ModuleName>System.ObjectModel</ModuleName>
      <Classes />
    </Module>
    <Module skippedDueTo="Filter" hash="08-92-24-95-67-3E-82-65-A0-94-D3-C2-2A-AF-C7-12-14-A4-A3-9E">
      <ModulePath>c:\Program Files\dotnet\shared\Microsoft.NETCore.App\3.0.0\System.Threading.Tasks.Dataflow.dll</ModulePath>
      <ModuleTime>2019-09-13T09:38:58Z</ModuleTime>
      <ModuleName>System.Threading.Tasks.Dataflow</ModuleName>
      <Classes />
    </Module>
    <Module skippedDueTo="Filter" hash="4C-DC-2C-84-3C-14-D6-AC-1E-91-43-36-F0-1E-24-83-A9-BE-F6-D3">
      <ModulePath>c:\Program Files\dotnet\shared\Microsoft.NETCore.App\3.0.0\System.Diagnostics.Tracing.dll</ModulePath>
      <ModuleTime>2019-09-13T09:38:58Z</ModuleTime>
      <ModuleName>System.Diagnostics.Tracing</ModuleName>
      <Classes />
    </Module>
    <Module skippedDueTo="Filter" hash="ED-B1-3C-3A-AC-20-BE-78-55-3A-53-50-74-69-96-AC-85-7D-82-15">
      <ModulePath>c:\Program Files\dotnet\sdk\3.0.100\dotnet.dll</ModulePath>
      <ModuleTime>2019-09-18T02:43:34Z</ModuleTime>
      <ModuleName>dotnet</ModuleName>
      <Classes />
    </Module>
    <Module skippedDueTo="Filter" hash="90-7B-50-44-1B-DB-3A-B1-02-E7-91-88-D7-88-62-99-50-6A-2E-02">
      <ModulePath>c:\Program Files\dotnet\sdk\3.0.100\Microsoft.DotNet.Configurer.dll</ModulePath>
      <ModuleTime>2019-09-18T02:43:38Z</ModuleTime>
      <ModuleName>Microsoft.DotNet.Configurer</ModuleName>
      <Classes />
    </Module>
    <Module skippedDueTo="Filter" hash="FE-CE-91-AE-C1-38-E6-B8-40-24-CF-CA-F2-1F-DC-35-E9-E7-7A-B0">
      <ModulePath>c:\Program Files\dotnet\shared\Microsoft.NETCore.App\3.0.0\System.Resources.ResourceManager.dll</ModulePath>
      <ModuleTime>2019-09-13T09:38:46Z</ModuleTime>
      <ModuleName>System.Resources.ResourceManager</ModuleName>
      <Classes />
    </Module>
    <Module skippedDueTo="Filter" hash="45-A3-13-7F-A1-32-51-53-F3-C2-99-A1-8E-7B-B9-68-D7-13-E1-B8">
      <ModulePath>c:\Program Files\dotnet\shared\Microsoft.NETCore.App\3.0.0\System.Xml.ReaderWriter.dll</ModulePath>
      <ModuleTime>2019-09-13T09:38:48Z</ModuleTime>
      <ModuleName>System.Xml.ReaderWriter</ModuleName>
      <Classes />
    </Module>
    <Module skippedDueTo="Filter" hash="52-38-E6-CB-03-F4-99-63-64-20-03-AD-85-87-4A-69-39-10-E9-9B">
      <ModulePath>c:\Program Files\dotnet\shared\Microsoft.NETCore.App\3.0.0\System.Private.Xml.dll</ModulePath>
      <ModuleTime>2019-09-13T09:38:50Z</ModuleTime>
      <ModuleName>System.Private.Xml</ModuleName>
      <Classes />
    </Module>
    <Module skippedDueTo="Filter" hash="BB-21-29-CE-C1-DE-99-AC-1B-83-08-87-CB-FC-FD-E1-6A-71-62-56">
      <ModulePath>c:\Program Files\dotnet\shared\Microsoft.NETCore.App\3.0.0\System.Security.Cryptography.Algorithms.dll</ModulePath>
      <ModuleTime>2019-09-13T09:38:52Z</ModuleTime>
      <ModuleName>System.Security.Cryptography.Algorithms</ModuleName>
      <Classes />
    </Module>
    <Module skippedDueTo="Filter" hash="A8-E5-A4-B3-25-3A-51-9D-CA-61-D4-47-79-0E-2B-83-0E-7F-5E-8B">
      <ModulePath>c:\Program Files\dotnet\shared\Microsoft.NETCore.App\3.0.0\System.Private.Uri.dll</ModulePath>
      <ModuleTime>2019-09-13T09:38:46Z</ModuleTime>
      <ModuleName>System.Private.Uri</ModuleName>
      <Classes />
    </Module>
    <Module skippedDueTo="Filter" hash="06-3E-50-46-72-4F-C4-E7-E7-53-99-D9-5A-97-A9-A8-1C-07-E8-51">
      <ModulePath>c:\Program Files\dotnet\shared\Microsoft.NETCore.App\3.0.0\Microsoft.Win32.Registry.dll</ModulePath>
      <ModuleTime>2019-09-13T09:38:46Z</ModuleTime>
      <ModuleName>Microsoft.Win32.Registry</ModuleName>
      <Classes />
    </Module>
    <Module skippedDueTo="Filter" hash="89-D9-4A-93-C8-D6-56-29-76-41-F1-E1-0C-05-AC-7B-DC-BC-0C-D5">
      <ModulePath>c:\Program Files\dotnet\shared\Microsoft.NETCore.App\3.0.0\System.Diagnostics.TraceSource.dll</ModulePath>
      <ModuleTime>2019-09-13T09:38:54Z</ModuleTime>
      <ModuleName>System.Diagnostics.TraceSource</ModuleName>
      <Classes />
    </Module>
    <Module skippedDueTo="Filter" hash="9A-55-C2-F3-0E-6F-C2-63-79-90-C0-7B-02-7F-58-E7-45-C4-D1-03">
      <ModulePath>c:\Program Files\dotnet\shared\Microsoft.NETCore.App\3.0.0\System.Collections.Immutable.dll</ModulePath>
      <ModuleTime>2019-09-13T09:38:46Z</ModuleTime>
      <ModuleName>System.Collections.Immutable</ModuleName>
      <Classes />
    </Module>
    <Module skippedDueTo="Filter" hash="75-15-1A-30-DB-4F-85-9E-36-BA-EF-85-36-B8-DE-BF-18-A4-9F-4B">
      <ModulePath>c:\Program Files\dotnet\shared\Microsoft.NETCore.App\3.0.0\System.Threading.Tasks.Parallel.dll</ModulePath>
      <ModuleTime>2019-09-13T09:38:58Z</ModuleTime>
      <ModuleName>System.Threading.Tasks.Parallel</ModuleName>
      <Classes />
    </Module>
    <Module skippedDueTo="Filter" hash="14-D8-C7-00-B7-F7-88-5A-37-86-26-20-7A-FE-65-AA-61-E7-FB-1F">
      <ModulePath>c:\Program Files\dotnet\sdk\3.0.100\Microsoft.Build.Utilities.Core.dll</ModulePath>
      <ModuleTime>2019-09-18T02:43:34Z</ModuleTime>
      <ModuleName>Microsoft.Build.Utilities.Core</ModuleName>
      <Classes />
    </Module>
    <Module skippedDueTo="Filter" hash="57-52-89-8D-07-6B-12-72-E7-E5-31-32-03-CF-14-CF-B7-C0-0B-3B">
      <ModulePath>c:\Program Files\dotnet\shared\Microsoft.NETCore.App\3.0.0\System.Reflection.Emit.ILGeneration.dll</ModulePath>
      <ModuleTime>2019-09-13T09:38:48Z</ModuleTime>
      <ModuleName>System.Reflection.Emit.ILGeneration</ModuleName>
      <Classes />
    </Module>
    <Module skippedDueTo="Filter" hash="0E-7C-0C-E2-4C-76-91-23-F0-C7-58-71-F4-74-7A-A8-25-78-AE-2F">
      <ModulePath>c:\Program Files\dotnet\shared\Microsoft.NETCore.App\3.0.0\System.Reflection.Emit.Lightweight.dll</ModulePath>
      <ModuleTime>2019-09-13T09:38:48Z</ModuleTime>
      <ModuleName>System.Reflection.Emit.Lightweight</ModuleName>
      <Classes />
    </Module>
    <Module skippedDueTo="Filter" hash="71-D4-C1-34-68-01-A5-E8-D3-30-70-B1-84-47-62-9D-06-2B-1E-22">
      <ModulePath>c:\Program Files\dotnet\shared\Microsoft.NETCore.App\3.0.0\System.Reflection.Primitives.dll</ModulePath>
      <ModuleTime>2019-09-13T09:38:48Z</ModuleTime>
      <ModuleName>System.Reflection.Primitives</ModuleName>
      <Classes />
    </Module>
    <Module skippedDueTo="Filter" hash="0A-99-71-4C-72-62-73-07-45-17-8C-F3-54-25-A0-79-1C-C7-56-C0">
      <ModulePath>c:\Program Files\dotnet\shared\Microsoft.NETCore.App\3.0.0\System.Runtime.Serialization.Formatters.dll</ModulePath>
      <ModuleTime>2019-09-13T09:38:54Z</ModuleTime>
      <ModuleName>System.Runtime.Serialization.Formatters</ModuleName>
      <Classes />
    </Module>
    <Module skippedDueTo="Filter" hash="0A-99-71-4C-72-62-73-07-45-17-8C-F3-54-25-A0-79-1C-C7-56-C0">
      <ModulePath>c:\Program Files\dotnet\shared\Microsoft.NETCore.App\3.0.0\System.Runtime.Serialization.Formatters.dll</ModulePath>
      <ModuleTime>2019-09-13T09:38:54Z</ModuleTime>
      <ModuleName>System.Runtime.Serialization.Formatters</ModuleName>
      <Classes />
    </Module>
    <Module skippedDueTo="Filter" hash="4C-39-F4-D8-6D-24-94-5A-E6-5C-FE-12-17-C2-CC-34-0A-D8-04-59">
      <ModulePath>c:\Program Files\dotnet\sdk\3.0.100\Microsoft.Build.Tasks.Core.dll</ModulePath>
      <ModuleTime>2019-09-18T02:43:38Z</ModuleTime>
      <ModuleName>Microsoft.Build.Tasks.Core</ModuleName>
      <Classes />
    </Module>
    <Module skippedDueTo="Filter" hash="C0-63-D8-A1-46-3C-77-1C-CA-1F-9A-AF-2F-F2-89-04-70-34-28-14">
      <ModulePath>c:\Program Files\dotnet\shared\Microsoft.NETCore.App\3.0.0\System.Threading.ThreadPool.dll</ModulePath>
      <ModuleTime>2019-09-13T09:38:48Z</ModuleTime>
      <ModuleName>System.Threading.ThreadPool</ModuleName>
      <Classes />
    </Module>
    <Module skippedDueTo="Filter" hash="A1-6B-ED-9F-A3-46-78-D4-5B-DF-0A-11-7F-F3-C5-97-1E-49-58-16">
      <ModulePath>c:\Program Files\dotnet\shared\Microsoft.NETCore.App\3.0.0\System.Runtime.Loader.dll</ModulePath>
      <ModuleTime>2019-09-13T09:38:56Z</ModuleTime>
      <ModuleName>System.Runtime.Loader</ModuleName>
      <Classes />
    </Module>
    <Module skippedDueTo="Filter" hash="E8-B4-C6-03-2A-C9-13-2D-46-5B-08-E2-03-9F-0D-75-29-71-1A-97">
      <ModulePath>c:\Program Files\dotnet\sdk\3.0.100\Sdks\Microsoft.NET.Sdk\targets\..\tools\netcoreapp2.1/Microsoft.NET.Build.Tasks.dll</ModulePath>
      <ModuleTime>2019-09-18T02:43:46Z</ModuleTime>
      <ModuleName>Microsoft.NET.Build.Tasks</ModuleName>
      <Classes />
    </Module>
    <Module skippedDueTo="Filter" hash="E8-B4-C6-03-2A-C9-13-2D-46-5B-08-E2-03-9F-0D-75-29-71-1A-97">
      <ModulePath>c:\Program Files\dotnet\sdk\3.0.100\Sdks\Microsoft.NET.Sdk\targets\..\tools\netcoreapp2.1/Microsoft.NET.Build.Tasks.dll</ModulePath>
      <ModuleTime>2019-09-18T02:43:46Z</ModuleTime>
      <ModuleName>Microsoft.NET.Build.Tasks</ModuleName>
      <Classes />
    </Module>
    <Module skippedDueTo="Filter" hash="68-39-C7-B0-C2-E2-02-A0-BD-4A-B1-92-43-91-9A-F7-4F-C3-F9-81">
      <ModulePath>c:\Program Files\dotnet\sdk\3.0.100\NuGet.Frameworks.dll</ModulePath>
      <ModuleTime>2019-09-18T02:43:46Z</ModuleTime>
      <ModuleName>NuGet.Frameworks</ModuleName>
      <Classes />
    </Module>
    <Module skippedDueTo="Filter" hash="68-39-C7-B0-C2-E2-02-A0-BD-4A-B1-92-43-91-9A-F7-4F-C3-F9-81">
      <ModulePath>c:\Program Files\dotnet\sdk\3.0.100\NuGet.Frameworks.dll</ModulePath>
      <ModuleTime>2019-09-18T02:43:46Z</ModuleTime>
      <ModuleName>NuGet.Frameworks</ModuleName>
      <Classes />
    </Module>
    <Module skippedDueTo="Filter" hash="0D-B5-A9-3B-82-4C-71-FF-42-2C-6B-C5-45-74-4D-F5-07-41-E7-94">
      <ModulePath>c:\Program Files\dotnet\sdk\3.0.100\NuGet.Packaging.dll</ModulePath>
      <ModuleTime>2019-09-18T02:43:48Z</ModuleTime>
      <ModuleName>NuGet.Packaging</ModuleName>
      <Classes />
    </Module>
    <Module skippedDueTo="Filter" hash="40-98-6A-B8-13-F3-1A-60-8C-B5-39-0C-00-A0-68-01-FF-DF-57-EE">
      <ModulePath>c:\Program Files\dotnet\sdk\3.0.100\NuGet.Build.Tasks.dll</ModulePath>
      <ModuleTime>2019-09-18T02:43:44Z</ModuleTime>
      <ModuleName>NuGet.Build.Tasks</ModuleName>
      <Classes />
    </Module>
    <Module skippedDueTo="Filter" hash="85-1E-ED-0D-77-6B-67-7F-EE-45-B9-C5-FA-45-F5-B1-4C-0E-79-DF">
      <ModulePath>c:\Program Files\dotnet\sdk\3.0.100\NuGet.Commands.dll</ModulePath>
      <ModuleTime>2019-09-18T02:43:46Z</ModuleTime>
      <ModuleName>NuGet.Commands</ModuleName>
      <Classes />
    </Module>
    <Module skippedDueTo="Filter" hash="B1-CE-20-1F-2D-28-6E-BF-CD-84-1D-68-E3-D1-8D-D1-76-4C-EF-1D">
      <ModulePath>c:\Program Files\dotnet\sdk\3.0.100\NuGet.Common.dll</ModulePath>
      <ModuleTime>2019-09-18T02:43:46Z</ModuleTime>
      <ModuleName>NuGet.Common</ModuleName>
      <Classes />
    </Module>
    <Module skippedDueTo="Filter" hash="EE-50-66-39-FF-FF-95-92-B0-44-CB-6C-AD-7E-57-F2-9E-E6-66-9F">
      <ModulePath>c:\Program Files\dotnet\sdk\3.0.100\NuGet.Configuration.dll</ModulePath>
      <ModuleTime>2019-09-18T02:43:46Z</ModuleTime>
      <ModuleName>NuGet.Configuration</ModuleName>
      <Classes />
    </Module>
    <Module skippedDueTo="Filter" hash="DC-A3-90-CE-F7-53-3F-D4-CD-2E-2F-7C-3D-54-FB-63-EB-3E-96-7C">
      <ModulePath>c:\Program Files\dotnet\sdk\3.0.100\Newtonsoft.Json.dll</ModulePath>
      <ModuleTime>2019-09-18T02:43:30Z</ModuleTime>
      <ModuleName>Newtonsoft.Json</ModuleName>
      <Classes />
    </Module>
    <Module skippedDueTo="Filter" hash="9E-53-FC-6A-01-A6-34-84-0F-3D-8C-B3-50-A1-E5-09-40-E4-09-F2">
      <ModulePath>c:\Program Files\dotnet\shared\Microsoft.NETCore.App\3.0.0\System.Collections.NonGeneric.dll</ModulePath>
      <ModuleTime>2019-09-13T09:38:46Z</ModuleTime>
      <ModuleName>System.Collections.NonGeneric</ModuleName>
      <Classes />
    </Module>
    <Module skippedDueTo="Filter" hash="89-89-F1-F7-96-64-06-49-3F-AB-83-C4-F9-39-D8-CC-66-E6-63-5D">
      <ModulePath>c:\Program Files\dotnet\shared\Microsoft.NETCore.App\3.0.0\Microsoft.Win32.Primitives.dll</ModulePath>
      <ModuleTime>2019-09-13T09:38:48Z</ModuleTime>
      <ModuleName>Microsoft.Win32.Primitives</ModuleName>
      <Classes />
    </Module>
    <Module skippedDueTo="Filter" hash="F0-C5-5E-36-2E-5F-3B-A9-17-13-1D-2E-40-36-88-64-7C-E7-E4-88">
      <ModulePath>c:\Program Files\dotnet\shared\Microsoft.NETCore.App\3.0.0\System.Linq.Expressions.dll</ModulePath>
      <ModuleTime>2019-09-13T09:38:56Z</ModuleTime>
      <ModuleName>System.Linq.Expressions</ModuleName>
      <Classes />
    </Module>
    <Module skippedDueTo="Filter" hash="43-B8-08-16-7C-1F-05-64-F5-A6-6F-20-1C-4A-1D-E3-5D-02-B9-56">
      <ModulePath>c:\Program Files\dotnet\shared\Microsoft.NETCore.App\3.0.0\System.Xml.XDocument.dll</ModulePath>
      <ModuleTime>2019-09-13T09:38:46Z</ModuleTime>
      <ModuleName>System.Xml.XDocument</ModuleName>
      <Classes />
    </Module>
    <Module skippedDueTo="Filter" hash="E3-5C-E5-90-30-2C-B5-87-B5-83-B9-9E-8F-80-02-8B-B4-C0-73-A9">
      <ModulePath>c:\Program Files\dotnet\shared\Microsoft.NETCore.App\3.0.0\System.Private.Xml.Linq.dll</ModulePath>
      <ModuleTime>2019-09-13T09:38:50Z</ModuleTime>
      <ModuleName>System.Private.Xml.Linq</ModuleName>
      <Classes />
    </Module>
    <Module skippedDueTo="Filter" hash="D8-97-6F-49-FB-A9-EA-18-73-DE-CF-B4-6D-FE-D4-06-62-10-0F-98">
      <ModulePath>c:\Program Files\dotnet\shared\Microsoft.NETCore.App\3.0.0\System.Security.Cryptography.Primitives.dll</ModulePath>
      <ModuleTime>2019-09-13T09:38:54Z</ModuleTime>
      <ModuleName>System.Security.Cryptography.Primitives</ModuleName>
      <Classes />
    </Module>
    <Module skippedDueTo="Filter" hash="A2-50-01-98-2B-F7-40-15-C7-8B-56-B8-3A-40-06-75-D2-A5-6B-DF">
      <ModulePath>c:\Program Files\dotnet\shared\Microsoft.NETCore.App\3.0.0\System.ComponentModel.TypeConverter.dll</ModulePath>
      <ModuleTime>2019-09-13T09:38:50Z</ModuleTime>
      <ModuleName>System.ComponentModel.TypeConverter</ModuleName>
      <Classes />
    </Module>
    <Module skippedDueTo="Filter" hash="92-1F-23-4C-3A-A2-4C-9B-4C-81-F9-CB-3A-2F-D3-20-7B-08-3D-3F">
      <ModulePath>c:\Program Files\dotnet\shared\Microsoft.NETCore.App\3.0.0\System.Runtime.Numerics.dll</ModulePath>
      <ModuleTime>2019-09-13T09:38:58Z</ModuleTime>
      <ModuleName>System.Runtime.Numerics</ModuleName>
      <Classes />
    </Module>
    <Module skippedDueTo="Filter" hash="EE-50-66-39-FF-FF-95-92-B0-44-CB-6C-AD-7E-57-F2-9E-E6-66-9F">
      <ModulePath>c:\Program Files\dotnet\sdk\3.0.100\NuGet.Configuration.dll</ModulePath>
      <ModuleTime>2019-09-18T02:43:46Z</ModuleTime>
      <ModuleName>NuGet.Configuration</ModuleName>
      <Classes />
    </Module>
    <Module skippedDueTo="Filter" hash="02-2F-4D-B2-E0-00-49-6F-9F-7B-54-0B-2D-E6-F5-B7-52-89-43-EF">
      <ModulePath>c:\Program Files\dotnet\sdk\3.0.100\NuGet.ProjectModel.dll</ModulePath>
      <ModuleTime>2019-09-18T02:43:46Z</ModuleTime>
      <ModuleName>NuGet.ProjectModel</ModuleName>
      <Classes />
    </Module>
    <Module skippedDueTo="Filter" hash="D7-DD-E6-CF-75-5E-74-90-16-8B-0E-02-66-61-AA-48-7A-1B-F2-AE">
      <ModulePath>c:\Program Files\dotnet\sdk\3.0.100\NuGet.Versioning.dll</ModulePath>
      <ModuleTime>2019-09-18T02:43:36Z</ModuleTime>
      <ModuleName>NuGet.Versioning</ModuleName>
      <Classes />
    </Module>
    <Module skippedDueTo="Filter" hash="02-2F-4D-B2-E0-00-49-6F-9F-7B-54-0B-2D-E6-F5-B7-52-89-43-EF">
      <ModulePath>c:\Program Files\dotnet\sdk\3.0.100\NuGet.ProjectModel.dll</ModulePath>
      <ModuleTime>2019-09-18T02:43:46Z</ModuleTime>
      <ModuleName>NuGet.ProjectModel</ModuleName>
      <Classes />
    </Module>
    <Module skippedDueTo="Filter" hash="D7-DD-E6-CF-75-5E-74-90-16-8B-0E-02-66-61-AA-48-7A-1B-F2-AE">
      <ModulePath>c:\Program Files\dotnet\sdk\3.0.100\NuGet.Versioning.dll</ModulePath>
      <ModuleTime>2019-09-18T02:43:36Z</ModuleTime>
      <ModuleName>NuGet.Versioning</ModuleName>
      <Classes />
    </Module>
    <Module skippedDueTo="Filter" hash="F7-AD-8B-C3-88-87-94-52-A7-E6-56-C7-6A-AD-3E-D6-7D-5C-6C-31">
[...]
      <ModuleTime>2019-09-13T09:38:46Z</ModuleTime>
      <ModuleName>System.Reflection.TypeExtensions</ModuleName>
      <Classes />
    </Module>
    <Module skippedDueTo="Filter" hash="C4-7A-41-90-B1-99-68-A5-92-CC-A7-E4-16-F0-B5-68-48-E8-C1-9A">
      <ModulePath>C:\Users\Renjith\source\repos\WebApplication3\NUnitTestProject2\bin\x64\Debug\netcoreapp3.0\nunit.engine.netstandard.dll</ModulePath>
      <ModuleTime>2018-01-27T04:52:44Z</ModuleTime>
      <ModuleName>nunit.engine.netstandard</ModuleName>
      <Classes />
    </Module>
    <Module skippedDueTo="Filter" hash="A6-4C-2C-FE-9C-5F-FA-EF-7F-3C-A4-1E-85-CF-B6-85-2F-B9-B7-E3">
      <ModulePath>c:\Program Files\dotnet\shared\Microsoft.NETCore.App\3.0.0\System.Reflection.Extensions.dll</ModulePath>
      <ModuleTime>2019-09-13T09:38:50Z</ModuleTime>
      <ModuleName>System.Reflection.Extensions</ModuleName>
      <Classes />
    </Module>
    <Module skippedDueTo="Filter" hash="D2-2D-25-A2-AF-F0-96-8C-76-A6-DF-64-24-1C-C9-C4-D0-59-88-E4">
      <ModulePath>c:\Program Files\dotnet\sdk\3.0.100\Extensions\Microsoft.TestPlatform.Extensions.BlameDataCollector.dll</ModulePath>
      <ModuleTime>2019-09-18T02:43:36Z</ModuleTime>
      <ModuleName>Microsoft.TestPlatform.Extensions.BlameDataCollector</ModuleName>
      <Classes />
    </Module>
    <Module skippedDueTo="Filter" hash="17-31-8E-89-A6-D0-7D-CA-5C-B4-1E-76-33-36-44-C6-69-4D-1E-9D">
      <ModulePath>c:\Program Files\dotnet\shared\Microsoft.NETCore.App\3.0.0\System.Xml.XmlDocument.dll</ModulePath>
      <ModuleTime>2019-09-13T09:38:46Z</ModuleTime>
      <ModuleName>System.Xml.XmlDocument</ModuleName>
      <Classes />
    </Module>
    <Module skippedDueTo="Filter" hash="80-98-DF-4D-E6-CE-E4-38-A1-07-7A-CA-39-C1-CD-C6-48-0A-84-29">
      <ModulePath>c:\Program Files\dotnet\sdk\3.0.100\Extensions\Microsoft.TestPlatform.Extensions.EventLogCollector.dll</ModulePath>
      <ModuleTime>2019-09-16T23:20:14Z</ModuleTime>
      <ModuleName>Microsoft.TestPlatform.Extensions.EventLogCollector</ModuleName>
      <Classes />
    </Module>
    <Module skippedDueTo="Filter" hash="80-00-93-01-60-97-B4-92-89-5D-A1-C9-82-E3-D7-99-E1-85-D3-17">
      <ModulePath>c:\Program Files\dotnet\shared\Microsoft.NETCore.App\3.0.0\mscorlib.dll</ModulePath>
      <ModuleTime>2019-09-12T21:00:02Z</ModuleTime>
      <ModuleName>mscorlib</ModuleName>
      <Classes />
    </Module>
    <Module skippedDueTo="Filter" hash="39-57-FC-E1-48-3C-8A-30-7B-04-91-88-6B-F0-C2-0C-B5-03-A8-7F">
      <ModulePath>c:\Program Files\dotnet\shared\Microsoft.NETCore.App\3.0.0\System.Xml.dll</ModulePath>
      <ModuleTime>2019-09-13T09:38:50Z</ModuleTime>
      <ModuleName>System.Xml</ModuleName>
      <Classes />
    </Module>
    <Module skippedDueTo="Filter" hash="E3-94-86-4C-08-E8-45-2B-B4-E4-A8-98-AD-86-09-48-EB-0D-55-70">
      <ModulePath>c:\Program Files\dotnet\shared\Microsoft.NETCore.App\3.0.0\System.Threading.Thread.dll</ModulePath>
      <ModuleTime>2019-09-13T09:38:46Z</ModuleTime>
      <ModuleName>System.Threading.Thread</ModuleName>
      <Classes />
    </Module>
    <Module skippedDueTo="Filter" hash="BB-21-29-CE-C1-DE-99-AC-1B-83-08-87-CB-FC-FD-E1-6A-71-62-56">
      <ModulePath>c:\Program Files\dotnet\shared\Microsoft.NETCore.App\3.0.0\System.Security.Cryptography.Algorithms.dll</ModulePath>
      <ModuleTime>2019-09-13T09:38:52Z</ModuleTime>
      <ModuleName>System.Security.Cryptography.Algorithms</ModuleName>
      <Classes />
    </Module>
    <Module skippedDueTo="Filter" hash="D1-AE-1D-BE-70-DF-E5-64-C7-8A-8C-B9-7A-88-BF-97-41-06-1C-7B">
      <ModulePath>c:\Program Files\dotnet\shared\Microsoft.NETCore.App\3.0.0\System.Threading.Timer.dll</ModulePath>
      <ModuleTime>2019-09-13T09:38:52Z</ModuleTime>
      <ModuleName>System.Threading.Timer</ModuleName>
      <Classes />
    </Module>
    <Module skippedDueTo="Filter" hash="FE-CE-91-AE-C1-38-E6-B8-40-24-CF-CA-F2-1F-DC-35-E9-E7-7A-B0">
      <ModulePath>c:\Program Files\dotnet\shared\Microsoft.NETCore.App\3.0.0\System.Resources.ResourceManager.dll</ModulePath>
      <ModuleTime>2019-09-13T09:38:46Z</ModuleTime>
      <ModuleName>System.Resources.ResourceManager</ModuleName>
      <Classes />
    </Module>
    <Module skippedDueTo="Filter" hash="3D-1C-48-53-AC-33-D6-0A-6C-63-0E-BE-B3-B4-61-0C-47-D0-F4-99">
      <ModulePath>c:\Program Files\dotnet\shared\Microsoft.NETCore.App\3.0.0\System.Runtime.InteropServices.RuntimeInformation.dll</ModulePath>
      <ModuleTime>2019-09-13T09:38:54Z</ModuleTime>
      <ModuleName>System.Runtime.InteropServices.RuntimeInformation</ModuleName>
      <Classes />
    </Module>
    <Module skippedDueTo="Filter" hash="A9-41-0E-E6-46-09-1C-85-E5-0A-7C-ED-75-3A-7A-64-A2-F6-31-D7">
      <ModulePath>c:\Program Files\dotnet\shared\Microsoft.NETCore.App\3.0.0\System.Reflection.Metadata.dll</ModulePath>
      <ModuleTime>2019-09-13T09:38:48Z</ModuleTime>
      <ModuleName>System.Reflection.Metadata</ModuleName>
      <Classes />
    </Module>
    <Module skippedDueTo="Filter" hash="9A-55-C2-F3-0E-6F-C2-63-79-90-C0-7B-02-7F-58-E7-45-C4-D1-03">
      <ModulePath>c:\Program Files\dotnet\shared\Microsoft.NETCore.App\3.0.0\System.Collections.Immutable.dll</ModulePath>
      <ModuleTime>2019-09-13T09:38:46Z</ModuleTime>
      <ModuleName>System.Collections.Immutable</ModuleName>
      <Classes />
    </Module>
    <Module skippedDueTo="Filter" hash="4D-D5-62-66-98-A3-F4-2C-A7-F4-DC-90-D5-62-9F-4D-FF-A6-19-8E">
      <ModulePath>C:\Users\Renjith\source\repos\WebApplication3\NUnitTestProject2\bin\x64\Debug\netcoreapp3.0\System.Xml.XPath.XmlDocument.dll</ModulePath>
      <ModuleTime>2016-11-04T23:27:34Z</ModuleTime>
      <ModuleName>System.Xml.XPath.XmlDocument</ModuleName>
      <Classes />
    </Module>
    <Module skippedDueTo="Filter" hash="DD-4B-1C-39-C2-71-7A-6A-EB-F8-06-10-83-5A-8D-F5-76-A1-74-EE">
      <ModulePath>c:\Program Files\dotnet\shared\Microsoft.NETCore.App\3.0.0\System.Text.Encoding.Extensions.dll</ModulePath>
      <ModuleTime>2019-09-13T09:38:56Z</ModuleTime>
      <ModuleName>System.Text.Encoding.Extensions</ModuleName>
      <Classes />
    </Module>
    <Module skippedDueTo="Filter" hash="F3-68-9C-CA-CE-2A-35-4D-EA-80-97-C0-C0-F5-33-DA-A8-3B-9E-11">
      <ModulePath>c:\Program Files\dotnet\shared\Microsoft.NETCore.App\3.0.0\System.Xml.XPath.dll</ModulePath>
      <ModuleTime>2019-09-13T09:38:46Z</ModuleTime>
      <ModuleName>System.Xml.XPath</ModuleName>
      <Classes />
    </Module>
    <Module skippedDueTo="Filter" hash="">
      <ModulePath>Mono.Cecil.dll</ModulePath>
      <ModuleTime>0001-01-01T00:00:00</ModuleTime>
      <ModuleName>Mono.Cecil</ModuleName>
      <Classes />
    </Module>
    <Module hash="BE-8D-52-37-47-92-27-9F-95-47-B0-3B-09-B2-26-16-A1-92-06-FA">
      <Summary numSequencePoints="11" visitedSequencePoints="9" numBranchPoints="3" visitedBranchPoints="2" sequenceCoverage="81.82" branchCoverage="66.67" maxCyclomaticComplexity="1" minCyclomaticComplexity="1" maxCrapScore="2" minCrapScore="1" visitedClasses="1" numClasses="2" visitedMethods="2" numMethods="3" />
      <ModulePath>C:\Users\Renjith\source\repos\WebApplication3\NUnitTestProject2\bin\x64\Debug\netcoreapp3.0\NUnitTestProject2.dll</ModulePath>
      <ModuleTime>2019-10-08T06:38:40.7062848Z</ModuleTime>
      <ModuleName>NUnitTestProject2</ModuleName>
      <Files>
        <File uid="1" fullPath="C:\Users\Renjith\.nuget\packages\microsoft.net.test.sdk\16.2.0\build\netcoreapp1.0\Microsoft.NET.Test.Sdk.Program.cs" />
        <File uid="2" fullPath="C:\Users\Renjith\source\repos\WebApplication3\NUnitTestProject2\UnitTest1.cs" />
      </Files>
      <Classes>
        <Class>
          <Summary numSequencePoints="0" visitedSequencePoints="0" numBranchPoints="0" visitedBranchPoints="0" sequenceCoverage="0" branchCoverage="0" maxCyclomaticComplexity="0" minCyclomaticComplexity="0" maxCrapScore="0" minCrapScore="0" visitedClasses="0" numClasses="0" visitedMethods="0" numMethods="0" />
          <FullName>&lt;Module&gt;</FullName>
          <Methods />
        </Class>
        <Class>
          <Summary numSequencePoints="2" visitedSequencePoints="0" numBranchPoints="1" visitedBranchPoints="0" sequenceCoverage="0" branchCoverage="0" maxCyclomaticComplexity="1" minCyclomaticComplexity="1" maxCrapScore="2" minCrapScore="2" visitedClasses="0" numClasses="1" visitedMethods="0" numMethods="1" />
          <FullName>AutoGeneratedProgram</FullName>
          <Methods>
            <Method visited="false" cyclomaticComplexity="1" nPathComplexity="0" sequenceCoverage="0" branchCoverage="0" crapScore="2" isConstructor="false" isStatic="true" isGetter="false" isSetter="false">
              <Summary numSequencePoints="2" visitedSequencePoints="0" numBranchPoints="1" visitedBranchPoints="0" sequenceCoverage="0" branchCoverage="0" maxCyclomaticComplexity="1" minCyclomaticComplexity="1" maxCrapScore="2" minCrapScore="2" visitedClasses="0" numClasses="0" visitedMethods="0" numMethods="1" />
              <MetadataToken>100663297</MetadataToken>
              <Name>System.Void AutoGeneratedProgram::Main(System.String[])</Name>
              <FileRef uid="1" />
              <SequencePoints>
                <SequencePoint vc="0" uspid="1" ordinal="0" offset="0" sl="4" sc="60" el="4" ec="61" bec="0" bev="0" fileid="1" />
                <SequencePoint vc="0" uspid="2" ordinal="1" offset="1" sl="4" sc="61" el="4" ec="62" bec="0" bev="0" fileid="1" />
              </SequencePoints>
              <BranchPoints />
              <MethodPoint xsi:type="SequencePoint" vc="0" uspid="1" ordinal="0" offset="0" sl="4" sc="60" el="4" ec="61" bec="0" bev="0" fileid="1" />
            </Method>
            <Method visited="false" cyclomaticComplexity="1" nPathComplexity="0" sequenceCoverage="0" branchCoverage="0" crapScore="2" isConstructor="true" isStatic="false" isGetter="false" isSetter="false">
              <Summary numSequencePoints="0" visitedSequencePoints="0" numBranchPoints="0" visitedBranchPoints="0" sequenceCoverage="0" branchCoverage="0" maxCyclomaticComplexity="1" minCyclomaticComplexity="1" maxCrapScore="2" minCrapScore="2" visitedClasses="0" numClasses="0" visitedMethods="0" numMethods="0" />
              <MetadataToken>100663298</MetadataToken>
              <Name>System.Void AutoGeneratedProgram::.ctor()</Name>
              <SequencePoints />
              <BranchPoints />
              <MethodPoint vc="0" uspid="3" ordinal="0" offset="0" />
            </Method>
          </Methods>
        </Class>
        <Class>
          <Summary numSequencePoints="9" visitedSequencePoints="9" numBranchPoints="2" visitedBranchPoints="2" sequenceCoverage="100" branchCoverage="100" maxCyclomaticComplexity="1" minCyclomaticComplexity="1" maxCrapScore="2" minCrapScore="1" visitedClasses="1" numClasses="1" visitedMethods="2" numMethods="2" />
          <FullName>NUnitTestProject2.Tests</FullName>
          <Methods>
            <Method visited="true" cyclomaticComplexity="1" nPathComplexity="0" sequenceCoverage="100" branchCoverage="100" crapScore="1" isConstructor="false" isStatic="false" isGetter="false" isSetter="false">
              <Summary numSequencePoints="2" visitedSequencePoints="2" numBranchPoints="1" visitedBranchPoints="1" sequenceCoverage="100" branchCoverage="100" maxCyclomaticComplexity="1" minCyclomaticComplexity="1" maxCrapScore="1" minCrapScore="1" visitedClasses="0" numClasses="0" visitedMethods="1" numMethods="1" />
              <MetadataToken>100663299</MetadataToken>
              <Name>System.Void NUnitTestProject2.Tests::Setup()</Name>
              <FileRef uid="2" />
              <SequencePoints>
                <SequencePoint vc="1" uspid="4" ordinal="0" offset="0" sl="12" sc="9" el="12" ec="10" bec="0" bev="0" fileid="2" />
                <SequencePoint vc="1" uspid="5" ordinal="1" offset="1" sl="14" sc="9" el="14" ec="10" bec="0" bev="0" fileid="2" />
              </SequencePoints>
              <BranchPoints />
              <MethodPoint xsi:type="SequencePoint" vc="1" uspid="4" ordinal="0" offset="0" sl="12" sc="9" el="12" ec="10" bec="0" bev="0" fileid="2" />
            </Method>
            <Method visited="true" cyclomaticComplexity="1" nPathComplexity="0" sequenceCoverage="100" branchCoverage="100" crapScore="1" isConstructor="false" isStatic="false" isGetter="false" isSetter="false">
              <Summary numSequencePoints="7" visitedSequencePoints="7" numBranchPoints="1" visitedBranchPoints="1" sequenceCoverage="100" branchCoverage="100" maxCyclomaticComplexity="1" minCyclomaticComplexity="1" maxCrapScore="1" minCrapScore="1" visitedClasses="0" numClasses="0" visitedMethods="1" numMethods="1" />
              <MetadataToken>100663300</MetadataToken>
              <Name>System.Void NUnitTestProject2.Tests::Test1()</Name>
              <FileRef uid="2" />
              <SequencePoints>
                <SequencePoint vc="1" uspid="6" ordinal="0" offset="0" sl="18" sc="9" el="18" ec="10" bec="0" bev="0" fileid="2" />
                <SequencePoint vc="1" uspid="7" ordinal="1" offset="1" sl="19" sc="13" el="21" ec="30" bec="0" bev="0" fileid="2" />
                <SequencePoint vc="1" uspid="8" ordinal="2" offset="17" sl="23" sc="13" el="23" ec="72" bec="0" bev="0" fileid="2" />
                <SequencePoint vc="1" uspid="9" ordinal="3" offset="24" sl="25" sc="13" el="25" ec="76" bec="0" bev="0" fileid="2" />
                <SequencePoint vc="1" uspid="10" ordinal="4" offset="31" sl="26" sc="13" el="26" ec="105" bec="0" bev="0" fileid="2" />
                <SequencePoint vc="1" uspid="11" ordinal="5" offset="38" sl="27" sc="13" el="27" ec="55" bec="0" bev="0" fileid="2" />
                <SequencePoint vc="1" uspid="12" ordinal="6" offset="45" sl="29" sc="9" el="29" ec="10" bec="0" bev="0" fileid="2" />
              </SequencePoints>
              <BranchPoints />
              <MethodPoint xsi:type="SequencePoint" vc="1" uspid="6" ordinal="0" offset="0" sl="18" sc="9" el="18" ec="10" bec="0" bev="0" fileid="2" />
            </Method>
            <Method visited="false" cyclomaticComplexity="1" nPathComplexity="0" sequenceCoverage="0" branchCoverage="0" crapScore="2" isConstructor="true" isStatic="false" isGetter="false" isSetter="false">
              <Summary numSequencePoints="0" visitedSequencePoints="0" numBranchPoints="0" visitedBranchPoints="0" sequenceCoverage="0" branchCoverage="0" maxCyclomaticComplexity="1" minCyclomaticComplexity="1" maxCrapScore="2" minCrapScore="2" visitedClasses="0" numClasses="0" visitedMethods="0" numMethods="0" />
              <MetadataToken>100663301</MetadataToken>
              <Name>System.Void NUnitTestProject2.Tests::.ctor()</Name>
              <SequencePoints />
              <BranchPoints />
              <MethodPoint vc="0" uspid="13" ordinal="0" offset="0" />
            </Method>
          </Methods>
        </Class>
      </Classes>
    </Module>
    <Module skippedDueTo="Filter" hash="16-2A-6A-6B-DF-CD-D6-7C-53-72-D1-C2-AE-69-5C-68-F9-E9-F2-2D">
      <ModulePath>C:\Users\Renjith\source\repos\WebApplication3\NUnitTestProject2\bin\x64\Debug\netcoreapp3.0\nunit.framework.dll</ModulePath>
      <ModuleTime>2019-05-14T18:07:24Z</ModuleTime>
      <ModuleName>nunit.framework</ModuleName>
      <Classes />
    </Module>
    <Module skippedDueTo="Filter" hash="36-0B-1C-49-EB-C1-89-08-AC-4B-28-61-BC-51-24-3C-5E-88-66-C2">
      <ModulePath>c:\Program Files\dotnet\shared\Microsoft.NETCore.App\3.0.0\System.Console.dll</ModulePath>
      <ModuleTime>2019-09-13T09:38:50Z</ModuleTime>
      <ModuleName>System.Console</ModuleName>
      <Classes />
    </Module>
    <Module skippedDueTo="Filter" hash="8F-8D-4C-9A-0B-1F-70-0B-C2-AD-81-34-B3-20-0C-E0-68-3E-95-B9">
      <ModulePath>C:\Users\Renjith\source\repos\WebApplication3\NUnitTestProject2\bin\x64\Debug\netcoreapp3.0\Microsoft.DotNet.InternalAbstractions.dll</ModulePath>
      <ModuleTime>2016-06-21T15:34:54Z</ModuleTime>
      <ModuleName>Microsoft.DotNet.InternalAbstractions</ModuleName>
      <Classes />
    </Module>
    <Module skippedDueTo="Filter" hash="34-12-B7-61-08-96-23-4D-D5-B3-20-8D-44-13-5E-1F-90-20-1E-E1">
      <ModulePath>c:\Program Files\dotnet\shared\Microsoft.AspNetCore.App\3.0.0\Microsoft.Extensions.DependencyInjection.dll</ModulePath>
      <ModuleTime>2019-09-15T15:39:48Z</ModuleTime>
      <ModuleName>Microsoft.Extensions.DependencyInjection</ModuleName>
      <Classes />
    </Module>
    <Module skippedDueTo="Filter" hash="6E-60-8B-11-AA-FE-03-BB-B9-E2-18-68-4F-EF-73-84-12-6E-06-6B">
      <ModulePath>c:\Program Files\dotnet\shared\Microsoft.AspNetCore.App\3.0.0\Microsoft.Extensions.Logging.Abstractions.dll</ModulePath>
      <ModuleTime>2019-09-15T15:39:56Z</ModuleTime>
      <ModuleName>Microsoft.Extensions.Logging.Abstractions</ModuleName>
      <Classes />
    </Module>
    <Module skippedDueTo="Filter" hash="B1-BD-FF-4A-93-BF-76-93-8E-BE-60-33-81-4D-21-6F-D2-49-F8-77">
      <ModulePath>C:\Users\Renjith\source\repos\WebApplication3\NUnitTestProject2\bin\x64\Debug\netcoreapp3.0\WebApplication3.dll</ModulePath>
      <ModuleTime>2019-10-08T06:37:59.3254034Z</ModuleTime>
      <ModuleName>WebApplication3</ModuleName>
      <Classes />
    </Module>
    <Module skippedDueTo="Filter" hash="D8-97-6F-49-FB-A9-EA-18-73-DE-CF-B4-6D-FE-D4-06-62-10-0F-98">
      <ModulePath>c:\Program Files\dotnet\shared\Microsoft.NETCore.App\3.0.0\System.Security.Cryptography.Primitives.dll</ModulePath>
      <ModuleTime>2019-09-13T09:38:54Z</ModuleTime>
      <ModuleName>System.Security.Cryptography.Primitives</ModuleName>
      <Classes />
    </Module>
    <Module skippedDueTo="Filter" hash="84-D7-31-C5-B3-64-02-4F-B8-C6-2B-17-43-2C-2D-F9-78-B9-4E-7C">
      <ModulePath>c:\Program Files\dotnet\shared\Microsoft.AspNetCore.App\3.0.0\Microsoft.AspNetCore.Mvc.Core.dll</ModulePath>
      <ModuleTime>2019-09-15T15:40:32Z</ModuleTime>
      <ModuleName>Microsoft.AspNetCore.Mvc.Core</ModuleName>
      <Classes />
    </Module>
    <Module skippedDueTo="Filter" hash="5E-7B-BC-BA-B8-19-B7-1F-3C-F2-67-02-0D-FE-02-C0-AB-68-7E-16">
      <ModulePath>c:\Program Files\dotnet\shared\Microsoft.AspNetCore.App\3.0.0\Microsoft.Extensions.DependencyInjection.Abstractions.dll</ModulePath>
      <ModuleTime>2019-09-15T15:39:48Z</ModuleTime>
      <ModuleName>Microsoft.Extensions.DependencyInjection.Abstractions</ModuleName>
      <Classes />
    </Module>
    <Module skippedDueTo="Filter" hash="4C-19-CF-CA-41-44-43-46-24-7B-F2-40-FB-58-25-A3-CD-C9-BB-41">
      <ModulePath>c:\Program Files\dotnet\shared\Microsoft.AspNetCore.App\3.0.0\Microsoft.Extensions.Logging.dll</ModulePath>
      <ModuleTime>2019-09-15T15:39:54Z</ModuleTime>
      <ModuleName>Microsoft.Extensions.Logging</ModuleName>
      <Classes />
    </Module>
    <Module skippedDueTo="Filter" hash="97-A5-9D-FA-45-60-1A-FF-76-C8-42-AF-88-EA-8B-A7-83-1E-FD-9C">
      <ModulePath>c:\Program Files\dotnet\shared\Microsoft.AspNetCore.App\3.0.0\Microsoft.Extensions.Options.dll</ModulePath>
      <ModuleTime>2019-09-15T15:39:58Z</ModuleTime>
      <ModuleName>Microsoft.Extensions.Options</ModuleName>
      <Classes />
    </Module>
    <Module skippedDueTo="Filter" hash="26-5B-BC-90-B2-3E-36-F0-80-A5-23-77-EF-93-A4-83-1D-55-BC-46">
      <ModulePath>c:\Program Files\dotnet\shared\Microsoft.AspNetCore.App\3.0.0\Microsoft.Extensions.Primitives.dll</ModulePath>
      <ModuleTime>2019-09-15T15:39:58Z</ModuleTime>
      <ModuleName>Microsoft.Extensions.Primitives</ModuleName>
      <Classes />
    </Module>
    <Module skippedDueTo="Filter" hash="40-F4-26-B6-FB-2D-77-A3-7F-DB-5C-F9-01-91-A8-F6-B5-E9-67-E7">
      <ModulePath>c:\Program Files\dotnet\shared\Microsoft.NETCore.App\3.0.0\System.Text.RegularExpressions.dll</ModulePath>
      <ModuleTime>2019-09-13T09:38:58Z</ModuleTime>
      <ModuleName>System.Text.RegularExpressions</ModuleName>
      <Classes />
    </Module>
  </Modules>
</CoverageSession>